 1.00000000e+00  8.16730997e-13  0.00000000e+00 
 1.00000000e+00  1.08404063e-12  0.00000000e+00 
 1.00000000e+00  8.52418428e-13  0.00000000e+00 
 1.00000000e+00  9.15151611e-13  0.00000000e+00 
 1.00000000e+00  1.04850810e-12  0.00000000e+00 
 1.00000000e+00  8.09222280e-13  0.00000000e+00 
 1.00000000e+00  1.01064110e-12  0.00000000e+00 
 1.00000000e+00  8.36507153e-13  0.00000000e+00 
 1.00000000e+00  9.10200592e-13  0.00000000e+00 
 1.00000000e+00  1.04291311e-12  0.00000000e+00 
 1.00000000e+00  8.03626178e-13  0.00000000e+00 
 1.00000000e+00  8.04366859e-13  0.00000000e+00 
 1.00000000e+00  8.11929041e-13  0.00000000e+00 
 1.00000000e+00  8.44576491e-13  0.00000000e+00 
 1.00000000e+00  1.04164495e-12  0.00000000e+00 
 1.00000000e+00  8.01835978e-13  0.00000000e+00 
 1.00000000e+00  9.81722020e-13  0.00000000e+00 
 1.00000000e+00  8.23050752e-13  0.00000000e+00 
 1.00000000e+00  8.86329872e-13  0.00000000e+00 
 1.00000000e+00  9.79662886e-13  0.00000000e+00 
 1.00000000e+00  7.94636070e-13  0.00000000e+00 
 1.00000000e+00  9.08753759e-13  0.00000000e+00 
 1.00000000e+00  8.08979132e-13  0.00000000e+00 
 1.00000000e+00  8.41738968e-13  0.00000000e+00 
 1.00000000e+00  9.74941231e-13  0.00000000e+00 
 1.00000000e+00  7.95680915e-13  0.00000000e+00 
 1.00000000e+00  8.01279623e-13  0.00000000e+00 
 1.00000000e+00  8.01672721e-13  0.00000000e+00 
 1.00000000e+00  8.30878131e-13  0.00000000e+00 
 1.00000000e+00  9.77762688e-13  0.00000000e+00 
 1.00000000e+00  8.01213789e-13  0.00000000e+00 
 1.00000000e+00  9.05915283e-13  0.00000000e+00 
 1.00000000e+00  7.99447690e-13  0.00000000e+00 
 1.00000000e+00  8.25836364e-13  0.00000000e+00 
 1.00000000e+00  9.34578043e-13  0.00000000e+00 
 1.00000000e+00  7.94376374e-13  0.00000000e+00 
 1.00000000e+00  8.52863505e-13  0.00000000e+00 
 1.00000000e+00  7.85988374e-13  0.00000000e+00 
 1.00000000e+00  8.12275436e-13  0.00000000e+00 
 1.00000000e+00  9.40557659e-13  0.00000000e+00 
 1.00000000e+00  8.00441445e-13  0.00000000e+00 
 1.00000000e+00  7.88392676e-13  0.00000000e+00 
 1.00000000e+00  7.91046015e-13  0.00000000e+00 
 1.00000000e+00  8.17773974e-13  0.00000000e+00 
 1.00000000e+00  9.38684075e-13  0.00000000e+00 
 1.00000000e+00  8.53373582e-13  0.00000000e+00 
 1.00000000e+00  1.10901948e-12  0.00000000e+00 
 1.00000000e+00  8.78774524e-13  0.00000000e+00 
 1.00000000e+00  9.41313008e-13  0.00000000e+00 
 1.00000000e+00  1.09433290e-12  0.00000000e+00 
 1.00000000e+00  8.45709131e-13  0.00000000e+00 
 1.00000000e+00  1.06106560e-12  0.00000000e+00 
 1.00000000e+00  8.62158011e-13  0.00000000e+00 
 1.00000000e+00  9.33069127e-13  0.00000000e+00 
 1.00000000e+00  1.08852495e-12  0.00000000e+00 
 1.00000000e+00  8.36610638e-13  0.00000000e+00 
 1.00000000e+00  8.25263116e-13  0.00000000e+00 
 1.00000000e+00  8.31600445e-13  0.00000000e+00 
 1.00000000e+00  8.66527938e-13  0.00000000e+00 
 1.00000000e+00  1.08452208e-12  0.00000000e+00 
 1.00000000e+00  8.36614345e-13  0.00000000e+00 
 1.00000000e+00  1.02584509e-12  0.00000000e+00 
 1.00000000e+00  8.49455488e-13  0.00000000e+00 
 1.00000000e+00  9.29458255e-13  0.00000000e+00 
 1.00000000e+00  1.01935951e-12  0.00000000e+00 
 1.00000000e+00  8.29230561e-13  0.00000000e+00 
 1.00000000e+00  9.58278321e-13  0.00000000e+00 
 1.00000000e+00  8.34251720e-13  0.00000000e+00 
 1.00000000e+00  8.84176479e-13  0.00000000e+00 
 1.00000000e+00  1.01437718e-12  0.00000000e+00 
 1.00000000e+00  8.26850896e-13  0.00000000e+00 
 1.00000000e+00  8.17936720e-13  0.00000000e+00 
 1.00000000e+00  8.21319048e-13  0.00000000e+00 
 1.00000000e+00  8.52540717e-13  0.00000000e+00 
 1.00000000e+00  1.01470475e-12  0.00000000e+00 
 1.00000000e+00  8.32331515e-13  0.00000000e+00 
 1.00000000e+00  9.51599025e-13  0.00000000e+00 
 1.00000000e+00  8.24914972e-13  0.00000000e+00 
 1.00000000e+00  8.55239389e-13  0.00000000e+00 
 1.00000000e+00  9.77143563e-13  0.00000000e+00 
 1.00000000e+00  8.25308609e-13  0.00000000e+00 
 1.00000000e+00  8.95119701e-13  0.00000000e+00 
 1.00000000e+00  8.09754617e-13  0.00000000e+00 
 1.00000000e+00  8.39396104e-13  0.00000000e+00 
 1.00000000e+00  9.68486716e-13  0.00000000e+00 
 1.00000000e+00  8.28385718e-13  0.00000000e+00 
 1.00000000e+00  8.10426368e-13  0.00000000e+00 
 1.00000000e+00  8.11049200e-13  0.00000000e+00 
 1.00000000e+00  8.39540603e-13  0.00000000e+00 
 1.00000000e+00  9.72347830e-13  0.00000000e+00 
 1.00000000e+00  7.80861346e-13  0.00000000e+00 
 1.00000000e+00  1.04942122e-12  0.00000000e+00 
 1.00000000e+00  8.27614257e-13  0.00000000e+00 
 1.00000000e+00  8.92851545e-13  0.00000000e+00 
 1.00000000e+00  1.00541215e-12  0.00000000e+00 
 1.00000000e+00  7.73520615e-13  0.00000000e+00 
 1.00000000e+00  9.55546180e-13  0.00000000e+00 
 1.00000000e+00  8.12339067e-13  0.00000000e+00 
 1.00000000e+00  8.84477148e-13  0.00000000e+00 
 1.00000000e+00  1.00003198e-12  0.00000000e+00 
 1.00000000e+00  7.71617476e-13  0.00000000e+00 
 1.00000000e+00  7.86066878e-13  0.00000000e+00 
 1.00000000e+00  7.93861587e-13  0.00000000e+00 
 1.00000000e+00  8.24389420e-13  0.00000000e+00 
 1.00000000e+00  1.00183972e-12  0.00000000e+00 
 1.00000000e+00  7.68493090e-13  0.00000000e+00 
 1.00000000e+00  9.34065365e-13  0.00000000e+00 
 1.00000000e+00  7.99003737e-13  0.00000000e+00 
 1.00000000e+00  8.35077399e-13  0.00000000e+00 
 1.00000000e+00  9.41501806e-13  0.00000000e+00 
 1.00000000e+00  7.61481611e-13  0.00000000e+00 
 1.00000000e+00  8.62005674e-13  0.00000000e+00 
 1.00000000e+00  7.85036090e-13  0.00000000e+00 
 1.00000000e+00  8.13073032e-13  0.00000000e+00 
 1.00000000e+00  9.37075655e-13  0.00000000e+00 
 1.00000000e+00  7.65999537e-13  0.00000000e+00 
 1.00000000e+00  7.83601098e-13  0.00000000e+00 
 1.00000000e+00  7.83598578e-13  0.00000000e+00 
 1.00000000e+00  8.10911006e-13  0.00000000e+00 
 1.00000000e+00  9.43237206e-13  0.00000000e+00 
 1.00000000e+00  7.72456606e-13  0.00000000e+00 
 1.00000000e+00  8.65742678e-13  0.00000000e+00 
 1.00000000e+00  7.77930404e-13  0.00000000e+00 
 1.00000000e+00  7.99555221e-13  0.00000000e+00 
 1.00000000e+00  8.91458924e-13  0.00000000e+00 
 1.00000000e+00  7.65803011e-13  0.00000000e+00 
 1.00000000e+00  8.21023381e-13  0.00000000e+00 
 1.00000000e+00  7.64812175e-13  0.00000000e+00 
 1.00000000e+00  7.86866605e-13  0.00000000e+00 
 1.00000000e+00  8.88069330e-13  0.00000000e+00 
 1.00000000e+00  7.74828447e-13  0.00000000e+00 
 1.00000000e+00  7.70338472e-13  0.00000000e+00 
 1.00000000e+00  7.72399541e-13  0.00000000e+00 
 1.00000000e+00  7.97657798e-13  0.00000000e+00 
 1.00000000e+00  9.07696035e-13  0.00000000e+00 
 1.00000000e+00  8.13508732e-13  0.00000000e+00 
 1.00000000e+00  1.07604278e-12  0.00000000e+00 
 1.00000000e+00  8.48174837e-13  0.00000000e+00 
 1.00000000e+00  9.20470825e-13  0.00000000e+00 
 1.00000000e+00  1.07881140e-12  0.00000000e+00 
 1.00000000e+00  8.05719313e-13  0.00000000e+00 
 1.00000000e+00  9.70342495e-13  0.00000000e+00 
 1.00000000e+00  8.31496090e-13  0.00000000e+00 
 1.00000000e+00  9.10693993e-13  0.00000000e+00 
 1.00000000e+00  1.07302009e-12  0.00000000e+00 
 1.00000000e+00  8.03563885e-13  0.00000000e+00 
 1.00000000e+00  8.12163368e-13  0.00000000e+00 
 1.00000000e+00  8.11594863e-13  0.00000000e+00 
 1.00000000e+00  8.46741518e-13  0.00000000e+00 
 1.00000000e+00  1.07208194e-12  0.00000000e+00 
 1.00000000e+00  8.01848270e-13  0.00000000e+00 
 1.00000000e+00  9.50820648e-13  0.00000000e+00 
 1.00000000e+00  8.17167494e-13  0.00000000e+00 
 1.00000000e+00  9.04507045e-13  0.00000000e+00 
 1.00000000e+00  9.99860431e-13  0.00000000e+00 
 1.00000000e+00  7.94408303e-13  0.00000000e+00 
 1.00000000e+00  8.77756577e-13  0.00000000e+00 
 1.00000000e+00  8.01832728e-13  0.00000000e+00 
 1.00000000e+00  8.58114849e-13  0.00000000e+00 
 1.00000000e+00  9.94940637e-13  0.00000000e+00 
 1.00000000e+00  7.98683677e-13  0.00000000e+00 
 1.00000000e+00  7.98793588e-13  0.00000000e+00 
 1.00000000e+00  8.00474483e-13  0.00000000e+00 
 1.00000000e+00  8.31886039e-13  0.00000000e+00 
 1.00000000e+00  9.98921554e-13  0.00000000e+00 
 1.00000000e+00  8.08201342e-13  0.00000000e+00 
 1.00000000e+00  8.91691025e-13  0.00000000e+00 
 1.00000000e+00  7.97906571e-13  0.00000000e+00 
 1.00000000e+00  8.21569426e-13  0.00000000e+00 
 1.00000000e+00  9.35586254e-13  0.00000000e+00 
 1.00000000e+00  8.01047073e-13  0.00000000e+00 
 1.00000000e+00  8.48421485e-13  0.00000000e+00 
 1.00000000e+00  7.66956658e-13  0.00000000e+00 
 1.00000000e+00  8.76732812e-13  0.00000000e+00 
 1.00000000e+00  9.31730225e-13  0.00000000e+00 
 1.00000000e+00  8.09330658e-13  0.00000000e+00 
 1.00000000e+00  7.92452155e-13  0.00000000e+00 
 1.00000000e+00  7.88743964e-13  0.00000000e+00 
 1.00000000e+00  8.17265742e-13  0.00000000e+00 
 1.00000000e+00  9.53998666e-13  0.00000000e+00 
 1.00000000e+00  8.22574169e-13  0.00000000e+00 
 1.00000000e+00  1.07039673e-12  0.00000000e+00 
 1.00000000e+00  8.58643144e-13  0.00000000e+00 
 1.00000000e+00  9.18872036e-13  0.00000000e+00 
 1.00000000e+00  1.02517898e-12  0.00000000e+00 
 1.00000000e+00  8.15312346e-13  0.00000000e+00 
 1.00000000e+00  1.03654980e-12  0.00000000e+00 
 1.00000000e+00  8.43367683e-13  0.00000000e+00 
 1.00000000e+00  9.07374764e-13  0.00000000e+00 
 1.00000000e+00  1.01981519e-12  0.00000000e+00 
 1.00000000e+00  8.06636060e-13  0.00000000e+00 
 1.00000000e+00  8.06199790e-13  0.00000000e+00 
 1.00000000e+00  8.15359963e-13  0.00000000e+00 
 1.00000000e+00  8.45774406e-13  0.00000000e+00 
 1.00000000e+00  1.01782189e-12  0.00000000e+00 
 1.00000000e+00  8.05778555e-13  0.00000000e+00 
 1.00000000e+00  1.00148252e-12  0.00000000e+00 
 1.00000000e+00  8.31695816e-13  0.00000000e+00 
 1.00000000e+00  8.64492335e-13  0.00000000e+00 
 1.00000000e+00  9.63952816e-13  0.00000000e+00 
 1.00000000e+00  7.98803682e-13  0.00000000e+00 
 1.00000000e+00  9.41644818e-13  0.00000000e+00 
 1.00000000e+00  8.17749944e-13  0.00000000e+00 
 1.00000000e+00  8.45762319e-13  0.00000000e+00 
 1.00000000e+00  9.61974142e-13  0.00000000e+00 
 1.00000000e+00  7.96877518e-13  0.00000000e+00 
 1.00000000e+00  8.03264917e-13  0.00000000e+00 
 1.00000000e+00  8.05941836e-13  0.00000000e+00 
 1.00000000e+00  8.33222955e-13  0.00000000e+00 
 1.00000000e+00  9.61922610e-13  0.00000000e+00 
 1.00000000e+00  8.00580947e-13  0.00000000e+00 
 1.00000000e+00  9.33494958e-13  0.00000000e+00 
 1.00000000e+00  8.08844808e-13  0.00000000e+00 
 1.00000000e+00  8.32868720e-13  0.00000000e+00 
 1.00000000e+00  9.31813898e-13  0.00000000e+00 
 1.00000000e+00  7.93949263e-13  0.00000000e+00 
 1.00000000e+00  8.79835149e-13  0.00000000e+00 
 1.00000000e+00  7.95844409e-13  0.00000000e+00 
 1.00000000e+00  8.20169450e-13  0.00000000e+00 
 1.00000000e+00  9.22286823e-13  0.00000000e+00 
 1.00000000e+00  7.97532540e-13  0.00000000e+00 
 1.00000000e+00  7.92591809e-13  0.00000000e+00 
 1.00000000e+00  7.96204489e-13  0.00000000e+00 
 1.00000000e+00  8.21369999e-13  0.00000000e+00 
 1.00000000e+00  9.29244124e-13  0.00000000e+00 
