 1.00000000e+00 -1.55841909e-05 -3.01971642e-11 
 1.00000000e+00 -1.44073052e-05 -3.01829534e-11 
 1.00000000e+00 -1.38200619e-05 -3.02042696e-11 
 1.00000000e+00 -1.37644216e-05 -3.01971642e-11 
 1.00000000e+00 -1.37668530e-05 -3.02113751e-11 
 1.00000000e+00 -1.55964717e-05 -3.02042696e-11 
 1.00000000e+00 -1.38811428e-05 -3.01829534e-11 
 1.00000000e+00 -1.38305367e-05 -3.01900588e-11 
 1.00000000e+00 -1.37746981e-05 -3.02042696e-11 
 1.00000000e+00 -1.37768867e-05 -3.02042696e-11 
 1.00000000e+00 -1.60448080e-05 -3.01900588e-11 
 1.00000000e+00 -1.40237379e-05 -3.02113751e-11 
 1.00000000e+00 -1.42549246e-05 -3.02042696e-11 
 1.00000000e+00 -1.43386163e-05 -3.02113751e-11 
 1.00000000e+00 -1.41558838e-05 -3.01900588e-11 
 1.00000000e+00 -1.57791409e-05 -3.73240994e-10 
 1.00000000e+00 -1.40186559e-05 -3.73262310e-10 
 1.00000000e+00 -1.39361193e-05 -3.73290732e-10 
 1.00000000e+00 -1.39074613e-05 -3.73127307e-10 
 1.00000000e+00 -1.39064388e-05 -3.73248099e-10 
 1.00000000e+00 -1.57888972e-05 -3.73134412e-10 
 1.00000000e+00 -1.39700051e-05 -3.73127307e-10 
 1.00000000e+00 -1.39447623e-05 -3.73184150e-10 
 1.00000000e+00 -1.39376872e-05 -3.73212572e-10 
 1.00000000e+00 -1.39147210e-05 -3.73248099e-10 
 1.00000000e+00 -1.62622130e-05 -3.73120201e-10 
 1.00000000e+00 -1.42303788e-05 -3.73141518e-10 
 1.00000000e+00 -1.44672914e-05 -3.73105991e-10 
 1.00000000e+00 -1.45396996e-05 -3.73162834e-10 
 1.00000000e+00 -1.43374848e-05 -3.73127307e-10 
 1.00000000e+00 -1.58996111e-05 -7.97988520e-09 
 1.00000000e+00 -1.40597800e-05 -7.97988520e-09 
 1.00000000e+00 -1.40169310e-05 -7.97986388e-09 
 1.00000000e+00 -1.40153182e-05 -7.97987099e-09 
 1.00000000e+00 -1.39973423e-05 -7.97990651e-09 
 1.00000000e+00 -1.59081718e-05 -7.97987809e-09 
 1.00000000e+00 -1.40378039e-05 -7.97989230e-09 
 1.00000000e+00 -1.40246882e-05 -7.97987809e-09 
 1.00000000e+00 -1.40239992e-05 -7.97987099e-09 
 1.00000000e+00 -1.40047496e-05 -7.97989941e-09 
 1.00000000e+00 -1.64086533e-05 -7.97990651e-09 
 1.00000000e+00 -1.44465277e-05 -7.97989230e-09 
 1.00000000e+00 -1.46364489e-05 -7.97989230e-09 
 1.00000000e+00 -1.47139990e-05 -7.97992072e-09 
 1.00000000e+00 -1.44756097e-05 -7.97987809e-09 
 1.00000000e+00 -1.55008705e-05 -2.90739655e-11 
 1.00000000e+00 -1.47859633e-05 -2.90455437e-11 
 1.00000000e+00 -1.37403573e-05 -2.90171220e-11 
 1.00000000e+00 -1.36861205e-05 -2.90455437e-11 
 1.00000000e+00 -1.36889525e-05 -2.90242275e-11 
 1.00000000e+00 -1.55145436e-05 -2.90384383e-11 
 1.00000000e+00 -1.38420934e-05 -2.90384383e-11 
 1.00000000e+00 -1.37519942e-05 -2.90597546e-11 
 1.00000000e+00 -1.36971326e-05 -2.90668600e-11 
 1.00000000e+00 -1.36998708e-05 -2.91094926e-11 
 1.00000000e+00 -1.59197859e-05 -2.90029112e-11 
 1.00000000e+00 -1.39473690e-05 -2.90526492e-11 
 1.00000000e+00 -1.41231331e-05 -2.90171220e-11 
 1.00000000e+00 -1.42088545e-05 -2.91023872e-11 
 1.00000000e+00 -1.40417792e-05 -2.90384383e-11 
 1.00000000e+00 -1.57126481e-05 -3.54347662e-11 
 1.00000000e+00 -1.40110261e-05 -3.53992391e-11 
 1.00000000e+00 -1.38735819e-05 -3.54276608e-11 
 1.00000000e+00 -1.38441528e-05 -3.54418717e-11 
 1.00000000e+00 -1.38452780e-05 -3.54276608e-11 
 1.00000000e+00 -1.57232351e-05 -3.53921337e-11 
 1.00000000e+00 -1.39265685e-05 -3.53992391e-11 
 1.00000000e+00 -1.38828460e-05 -3.54134500e-11 
 1.00000000e+00 -1.38588198e-05 -3.54489771e-11 
 1.00000000e+00 -1.38541161e-05 -3.54347662e-11 
 1.00000000e+00 -1.61432248e-05 -3.54347662e-11 
 1.00000000e+00 -1.41514682e-05 -3.54418717e-11 
 1.00000000e+00 -1.43452172e-05 -3.54205554e-11 
 1.00000000e+00 -1.44148881e-05 -3.54205554e-11 
 1.00000000e+00 -1.42329332e-05 -3.54347662e-11 
 1.00000000e+00 -1.58453928e-05 -4.62492267e-10 
 1.00000000e+00 -1.40416020e-05 -4.62513583e-10 
 1.00000000e+00 -1.39657138e-05 -4.62506478e-10 
 1.00000000e+00 -1.39625844e-05 -4.62492267e-10 
 1.00000000e+00 -1.39476785e-05 -4.62513583e-10 
 1.00000000e+00 -1.58544604e-05 -4.62492267e-10 
 1.00000000e+00 -1.39961169e-05 -4.62513583e-10 
 1.00000000e+00 -1.39738038e-05 -4.62506478e-10 
 1.00000000e+00 -1.39729242e-05 -4.62506478e-10 
 1.00000000e+00 -1.39554044e-05 -4.62513583e-10 
 1.00000000e+00 -1.62930456e-05 -4.62506478e-10 
 1.00000000e+00 -1.43450831e-05 -4.62506478e-10 
 1.00000000e+00 -1.45184481e-05 -4.62499372e-10 
 1.00000000e+00 -1.45888394e-05 -4.62499372e-10 
 1.00000000e+00 -1.43756514e-05 -4.62506478e-10 
 1.00000000e+00 -1.56631098e-05 -8.53788151e-11 
 1.00000000e+00 -1.40001779e-05 -8.53930260e-11 
 1.00000000e+00 -1.38918655e-05 -8.52793391e-11 
 1.00000000e+00 -1.38363741e-05 -8.52722337e-11 
 1.00000000e+00 -1.38384200e-05 -8.53930260e-11 
 1.00000000e+00 -1.56742835e-05 -8.53432880e-11 
 1.00000000e+00 -1.39329444e-05 -8.54285531e-11 
 1.00000000e+00 -1.39015209e-05 -8.54001314e-11 
 1.00000000e+00 -1.38466774e-05 -8.52651283e-11 
 1.00000000e+00 -1.38477379e-05 -8.53006554e-11 
 1.00000000e+00 -1.61735492e-05 -8.53859206e-11 
 1.00000000e+00 -1.40974059e-05 -8.52651283e-11 
 1.00000000e+00 -1.43847828e-05 -8.53219717e-11 
 1.00000000e+00 -1.44680305e-05 -8.53930260e-11 
 1.00000000e+00 -1.42690020e-05 -8.52651283e-11 
 1.00000000e+00 -1.58437541e-05 -4.61203342e-09 
 1.00000000e+00 -1.40460096e-05 -4.61202632e-09 
 1.00000000e+00 -1.39936064e-05 -4.61201921e-09 
 1.00000000e+00 -1.39778797e-05 -4.61202632e-09 
 1.00000000e+00 -1.39639160e-05 -4.61200500e-09 
 1.00000000e+00 -1.58528613e-05 -4.61201921e-09 
 1.00000000e+00 -1.40155807e-05 -4.61202632e-09 
 1.00000000e+00 -1.40017856e-05 -4.61202632e-09 
 1.00000000e+00 -1.39994730e-05 -4.61201211e-09 
 1.00000000e+00 -1.39717661e-05 -4.61202632e-09 
 1.00000000e+00 -1.63863504e-05 -4.61202632e-09 
 1.00000000e+00 -1.43291027e-05 -4.61203342e-09 
 1.00000000e+00 -1.45905148e-05 -4.61204053e-09 
 1.00000000e+00 -1.46676965e-05 -4.61201211e-09 
 1.00000000e+00 -1.44441139e-05 -4.61204053e-09 
 1.00000000e+00 -1.59438807e-05 -5.63188962e-08 
 1.00000000e+00 -1.40822742e-05 -5.63188820e-08 
 1.00000000e+00 -1.40576403e-05 -5.63188962e-08 
 1.00000000e+00 -1.40565319e-05 -5.63188820e-08 
 1.00000000e+00 -1.40378213e-05 -5.63188678e-08 
 1.00000000e+00 -1.59524598e-05 -5.63188962e-08 
 1.00000000e+00 -1.40734919e-05 -5.63189033e-08 
 1.00000000e+00 -1.40655518e-05 -5.63189033e-08 
 1.00000000e+00 -1.40650228e-05 -5.63188962e-08 
 1.00000000e+00 -1.40453837e-05 -5.63189033e-08 
 1.00000000e+00 -1.65253870e-05 -5.63189033e-08 
 1.00000000e+00 -1.45584755e-05 -5.63189175e-08 
 1.00000000e+00 -1.47545108e-05 -5.63188891e-08 
 1.00000000e+00 -1.48412795e-05 -5.63189175e-08 
 1.00000000e+00 -1.45767170e-05 -5.63188891e-08 
 1.00000000e+00 -1.56802970e-05 -3.42339490e-11 
 1.00000000e+00 -1.39834205e-05 -3.42126327e-11 
 1.00000000e+00 -1.38989335e-05 -3.42126327e-11 
 1.00000000e+00 -1.38532008e-05 -3.42126327e-11 
 1.00000000e+00 -1.38551721e-05 -3.42268436e-11 
 1.00000000e+00 -1.56916721e-05 -3.42126327e-11 
 1.00000000e+00 -1.39296496e-05 -3.42339490e-11 
 1.00000000e+00 -1.39085329e-05 -3.42126327e-11 
 1.00000000e+00 -1.38621142e-05 -3.42126327e-11 
 1.00000000e+00 -1.38640528e-05 -3.42055273e-11 
 1.00000000e+00 -1.60786271e-05 -3.42197382e-11 
 1.00000000e+00 -1.41152977e-05 -3.42268436e-11 
 1.00000000e+00 -1.42767304e-05 -3.42339490e-11 
 1.00000000e+00 -1.43484237e-05 -3.42339490e-11 
 1.00000000e+00 -1.42045897e-05 -3.42268436e-11 
 1.00000000e+00 -1.58537145e-05 -5.37163203e-10 
 1.00000000e+00 -1.40288272e-05 -5.37163203e-10 
 1.00000000e+00 -1.39889869e-05 -5.37085043e-10 
 1.00000000e+00 -1.39701537e-05 -5.37106359e-10 
 1.00000000e+00 -1.39711593e-05 -5.37170308e-10 
 1.00000000e+00 -1.58628618e-05 -5.37085043e-10 
 1.00000000e+00 -1.40065883e-05 -5.37141887e-10 
 1.00000000e+00 -1.39968938e-05 -5.37006883e-10 
 1.00000000e+00 -1.39806273e-05 -5.36992673e-10 
 1.00000000e+00 -1.39787010e-05 -5.37106359e-10 
 1.00000000e+00 -1.62612231e-05 -5.37063727e-10 
 1.00000000e+00 -1.42810958e-05 -5.36978462e-10 
 1.00000000e+00 -1.44562065e-05 -5.37163203e-10 
 1.00000000e+00 -1.45197127e-05 -5.37163203e-10 
 1.00000000e+00 -1.43618646e-05 -5.37177414e-10 
 1.00000000e+00 -1.59246389e-05 -6.68900668e-09 
 1.00000000e+00 -1.40540652e-05 -6.68902089e-09 
 1.00000000e+00 -1.40355231e-05 -6.68899247e-09 
 1.00000000e+00 -1.40348401e-05 -6.68901379e-09 
 1.00000000e+00 -1.40296266e-05 -6.68900668e-09 
 1.00000000e+00 -1.59339392e-05 -6.68901379e-09 
 1.00000000e+00 -1.40496552e-05 -6.68901379e-09 
 1.00000000e+00 -1.40437580e-05 -6.68902089e-09 
 1.00000000e+00 -1.40435309e-05 -6.68901379e-09 
 1.00000000e+00 -1.40375772e-05 -6.68902089e-09 
 1.00000000e+00 -1.63736012e-05 -6.68901379e-09 
 1.00000000e+00 -1.44302122e-05 -6.68899958e-09 
 1.00000000e+00 -1.45963616e-05 -6.68901379e-09 
 1.00000000e+00 -1.46641497e-05 -6.68901379e-09 
 1.00000000e+00 -1.44781318e-05 -6.68901379e-09 
 1.00000000e+00 -1.54731640e-05 -3.01967375e-10 
 1.00000000e+00 -1.49202349e-05 -3.02038429e-10 
 1.00000000e+00 -1.37275603e-05 -3.02045534e-10 
 1.00000000e+00 -1.36613695e-05 -3.02031324e-10 
 1.00000000e+00 -1.36642865e-05 -3.02137905e-10 
 1.00000000e+00 -1.54867121e-05 -3.02038429e-10 
 1.00000000e+00 -1.38511979e-05 -3.02095272e-10 
 1.00000000e+00 -1.37394382e-05 -3.01988691e-10 
 1.00000000e+00 -1.36748470e-05 -3.02073956e-10 
 1.00000000e+00 -1.36757927e-05 -3.02130800e-10 
 1.00000000e+00 -1.60059323e-05 -3.01981586e-10 
 1.00000000e+00 -1.39179327e-05 -3.02038429e-10 
 1.00000000e+00 -1.42272296e-05 -3.02052640e-10 
 1.00000000e+00 -1.43235101e-05 -3.01995796e-10 
 1.00000000e+00 -1.40998152e-05 -3.02045534e-10 
 1.00000000e+00 -1.56951036e-05 -1.38037493e-08 
 1.00000000e+00 -1.41293610e-05 -1.38037635e-08 
 1.00000000e+00 -1.38757354e-05 -1.38037706e-08 
 1.00000000e+00 -1.38578846e-05 -1.38037635e-08 
 1.00000000e+00 -1.38332087e-05 -1.38037421e-08 
 1.00000000e+00 -1.57057723e-05 -1.38037706e-08 
 1.00000000e+00 -1.39412390e-05 -1.38037279e-08 
 1.00000000e+00 -1.38854504e-05 -1.38037421e-08 
 1.00000000e+00 -1.38826608e-05 -1.38037493e-08 
 1.00000000e+00 -1.38425284e-05 -1.38037493e-08 
 1.00000000e+00 -1.62631160e-05 -1.38037635e-08 
 1.00000000e+00 -1.42007112e-05 -1.38037635e-08 
 1.00000000e+00 -1.44793206e-05 -1.38037421e-08 
 1.00000000e+00 -1.45618257e-05 -1.38037635e-08 
 1.00000000e+00 -1.43128401e-05 -1.38037564e-08 
 1.00000000e+00 -1.58348593e-05 -1.37479084e-07 
 1.00000000e+00 -1.40709186e-05 -1.37479070e-07 
 1.00000000e+00 -1.39787845e-05 -1.37479063e-07 
 1.00000000e+00 -1.39769347e-05 -1.37479077e-07 
 1.00000000e+00 -1.39442927e-05 -1.37479063e-07 
 1.00000000e+00 -1.58441017e-05 -1.37479084e-07 
 1.00000000e+00 -1.40160909e-05 -1.37479098e-07 
 1.00000000e+00 -1.39873766e-05 -1.37479105e-07 
 1.00000000e+00 -1.39865533e-05 -1.37479084e-07 
 1.00000000e+00 -1.39524761e-05 -1.37479091e-07 
 1.00000000e+00 -1.64387773e-05 -1.37479091e-07 
 1.00000000e+00 -1.44780666e-05 -1.37479077e-07 
 1.00000000e+00 -1.46775198e-05 -1.37479084e-07 
 1.00000000e+00 -1.47641170e-05 -1.37479098e-07 
 1.00000000e+00 -1.44731611e-05 -1.37479091e-07 
