 1.00000000e+00  4.21833600e-02 -4.30477600e-02 
 1.00000000e+00  4.30412000e-02 -4.55136000e-02 
 1.00000000e+00  4.09704800e-02 -4.19429600e-02 
 1.00000000e+00  3.99556800e-02 -4.07672800e-02 
 1.00000000e+00  3.88812000e-02 -3.96979200e-02 
 1.00000000e+00  4.21832000e-02 -4.32075200e-02 
 1.00000000e+00  4.10672000e-02 -4.30255200e-02 
 1.00000000e+00  4.05066400e-02 -4.16437600e-02 
 1.00000000e+00  3.95014400e-02 -4.04292800e-02 
 1.00000000e+00  3.85157600e-02 -3.94592800e-02 
 1.00000000e+00  4.16012000e-02 -4.51018400e-02 
 1.00000000e+00  4.02964000e-02 -4.23254400e-02 
 1.00000000e+00  3.72012000e-02 -3.94102400e-02 
 1.00000000e+00  3.34412000e-02 -3.56114400e-02 
 1.00000000e+00  3.76012000e-02 -3.97136800e-02 
 1.00000000e+00  5.43814400e-02 -5.57126400e-02 
 1.00000000e+00  5.12614400e-02 -5.21852000e-02 
 1.00000000e+00  5.26766400e-02 -5.39489600e-02 
 1.00000000e+00  5.08913600e-02 -5.18274400e-02 
 1.00000000e+00  4.98412800e-02 -5.09125600e-02 
 1.00000000e+00  5.44012800e-02 -5.59366400e-02 
 1.00000000e+00  5.32808000e-02 -5.36797600e-02 
 1.00000000e+00  5.21253600e-02 -5.35686400e-02 
 1.00000000e+00  5.01343200e-02 -5.14544000e-02 
 1.00000000e+00  4.93964800e-02 -5.05898400e-02 
 1.00000000e+00  5.26412800e-02 -5.57272000e-02 
 1.00000000e+00  5.20514400e-02 -5.44192800e-02 
 1.00000000e+00  4.75014400e-02 -5.00966400e-02 
 1.00000000e+00  4.30900800e-02 -4.56224000e-02 
 1.00000000e+00  4.81465600e-02 -5.05492000e-02 
 1.00000000e+00  6.47212800e-02 -6.64049600e-02 
 1.00000000e+00  6.32272000e-02 -6.30476000e-02 
 1.00000000e+00  6.26412800e-02 -6.41981600e-02 
 1.00000000e+00  6.03623200e-02 -6.17478400e-02 
 1.00000000e+00  5.93612800e-02 -6.05978400e-02 
 1.00000000e+00  6.47713600e-02 -6.66668000e-02 
 1.00000000e+00  6.46828000e-02 -6.57033600e-02 
 1.00000000e+00  6.20513600e-02 -6.37707200e-02 
 1.00000000e+00  5.97612800e-02 -6.13432800e-02 
 1.00000000e+00  5.87813600e-02 -6.02060000e-02 
 1.00000000e+00  6.28012800e-02 -6.58456800e-02 
 1.00000000e+00  6.16012800e-02 -6.44761600e-02 
 1.00000000e+00  5.61616800e-02 -5.90443200e-02 
 1.00000000e+00  5.11212800e-02 -5.40325600e-02 
 1.00000000e+00  5.72012800e-02 -5.98954400e-02 
 1.00000000e+00  4.25620000e-02 -4.33704000e-02 
 1.00000000e+00  4.48591200e-02 -4.69998400e-02 
 1.00000000e+00  4.14316800e-02 -4.24605600e-02 
 1.00000000e+00  4.02736800e-02 -4.11156800e-02 
 1.00000000e+00  3.91220000e-02 -3.99411200e-02 
 1.00000000e+00  4.25251200e-02 -4.35004000e-02 
 1.00000000e+00  4.21424800e-02 -4.47133600e-02 
 1.00000000e+00  4.09348000e-02 -4.20998400e-02 
 1.00000000e+00  3.98005600e-02 -4.08080000e-02 
 1.00000000e+00  3.86941600e-02 -3.96682400e-02 
 1.00000000e+00  4.31069600e-02 -4.56211200e-02 
 1.00000000e+00  4.07219200e-02 -4.28652800e-02 
 1.00000000e+00  3.77619200e-02 -4.00583200e-02 
 1.00000000e+00  3.40020000e-02 -3.63021600e-02 
 1.00000000e+00  3.77620000e-02 -3.98846400e-02 
 1.00000000e+00  5.49933600e-02 -5.62699200e-02 
 1.00000000e+00  5.15532000e-02 -5.31673600e-02 
 1.00000000e+00  5.32368800e-02 -5.45649600e-02 
 1.00000000e+00  5.14056800e-02 -5.24008000e-02 
 1.00000000e+00  5.01414400e-02 -5.12076800e-02 
 1.00000000e+00  5.49618400e-02 -5.65070400e-02 
 1.00000000e+00  5.31080800e-02 -5.36043200e-02 
 1.00000000e+00  5.26221600e-02 -5.41532800e-02 
 1.00000000e+00  5.05615200e-02 -5.18417600e-02 
 1.00000000e+00  4.96018400e-02 -5.08329600e-02 
 1.00000000e+00  5.36818400e-02 -5.73567200e-02 
 1.00000000e+00  5.26418400e-02 -5.51021600e-02 
 1.00000000e+00  4.81421600e-02 -5.08662400e-02 
 1.00000000e+00  4.37618400e-02 -4.64372000e-02 
 1.00000000e+00  4.82418400e-02 -5.07353600e-02 
 1.00000000e+00  6.54520000e-02 -6.72180000e-02 
 1.00000000e+00  6.28619200e-02 -6.27806400e-02 
 1.00000000e+00  6.32810400e-02 -6.48856800e-02 
 1.00000000e+00  6.07819200e-02 -6.22143200e-02 
 1.00000000e+00  5.96016800e-02 -6.09023200e-02 
 1.00000000e+00  6.55216800e-02 -6.74614400e-02 
 1.00000000e+00  6.49383200e-02 -6.55864800e-02 
 1.00000000e+00  6.26154400e-02 -6.44159200e-02 
 1.00000000e+00  6.00816800e-02 -6.17707200e-02 
 1.00000000e+00  5.90027200e-02 -6.04753600e-02 
 1.00000000e+00  6.36816800e-02 -6.71380000e-02 
 1.00000000e+00  6.25319200e-02 -6.55104000e-02 
 1.00000000e+00  5.68812800e-02 -5.99478400e-02 
 1.00000000e+00  5.19216800e-02 -5.49752000e-02 
 1.00000000e+00  5.72816800e-02 -6.00764000e-02 
 1.00000000e+00  4.17884800e-02 -4.26818400e-02 
 1.00000000e+00  4.14615200e-02 -4.38900000e-02 
 1.00000000e+00  4.05469600e-02 -4.14770400e-02 
 1.00000000e+00  3.96816800e-02 -4.04269600e-02 
 1.00000000e+00  3.87436000e-02 -3.94761600e-02 
 1.00000000e+00  4.17926400e-02 -4.28501600e-02 
 1.00000000e+00  4.05982400e-02 -4.18269600e-02 
 1.00000000e+00  4.01253600e-02 -4.12050400e-02 
 1.00000000e+00  3.91208800e-02 -3.99279200e-02 
 1.00000000e+00  3.83636000e-02 -3.92576000e-02 
 1.00000000e+00  4.05080000e-02 -4.32263200e-02 
 1.00000000e+00  3.99288000e-02 -4.18450400e-02 
 1.00000000e+00  3.67507200e-02 -3.88148000e-02 
 1.00000000e+00  3.29940000e-02 -3.49824000e-02 
 1.00000000e+00  3.75689600e-02 -3.95537600e-02 
 1.00000000e+00  5.38411200e-02 -5.51211200e-02 
 1.00000000e+00  5.15209600e-02 -5.18213600e-02 
 1.00000000e+00  5.21909600e-02 -5.33900000e-02 
 1.00000000e+00  5.04161600e-02 -5.14393600e-02 
 1.00000000e+00  4.97043200e-02 -5.06191200e-02 
 1.00000000e+00  5.38724000e-02 -5.53327200e-02 
 1.00000000e+00  5.33609600e-02 -5.39172000e-02 
 1.00000000e+00  5.16804000e-02 -5.30478400e-02 
 1.00000000e+00  4.98409600e-02 -5.11110400e-02 
 1.00000000e+00  4.92309600e-02 -5.03560000e-02 
 1.00000000e+00  5.19209600e-02 -5.45167200e-02 
 1.00000000e+00  5.14409600e-02 -5.37850400e-02 
 1.00000000e+00  4.69310400e-02 -4.93591200e-02 
 1.00000000e+00  4.24668800e-02 -4.48619200e-02 
 1.00000000e+00  4.80809600e-02 -5.03861600e-02 
 1.00000000e+00  6.40010400e-02 -6.56576000e-02 
 1.00000000e+00  6.34404800e-02 -6.35179200e-02 
 1.00000000e+00  6.21322400e-02 -6.35775200e-02 
 1.00000000e+00  6.00362400e-02 -6.13372800e-02 
 1.00000000e+00  5.91711200e-02 -6.03116000e-02 
 1.00000000e+00  6.40912000e-02 -6.58940800e-02 
 1.00000000e+00  6.42989600e-02 -6.56135200e-02 
 1.00000000e+00  6.15648800e-02 -6.31779200e-02 
 1.00000000e+00  5.94724800e-02 -6.09594400e-02 
 1.00000000e+00  5.86410400e-02 -5.99438400e-02 
 1.00000000e+00  6.20324800e-02 -6.47599200e-02 
 1.00000000e+00  6.06211200e-02 -6.33385600e-02 
 1.00000000e+00  5.55011200e-02 -5.82651200e-02 
 1.00000000e+00  5.04010400e-02 -5.31548000e-02 
 1.00000000e+00  5.72010400e-02 -5.97548000e-02 
 1.00000000e+00  4.18148800e-02 -4.28513600e-02 
 1.00000000e+00  4.19718400e-02 -4.47173600e-02 
 1.00000000e+00  4.05538400e-02 -4.15576800e-02 
 1.00000000e+00  3.96108800e-02 -4.04508800e-02 
 1.00000000e+00  3.86872000e-02 -3.95019200e-02 
 1.00000000e+00  4.18360800e-02 -4.30477600e-02 
 1.00000000e+00  4.10656800e-02 -4.24032000e-02 
 1.00000000e+00  4.01544800e-02 -4.13133600e-02 
 1.00000000e+00  3.92360800e-02 -4.02418400e-02 
 1.00000000e+00  3.83428000e-02 -3.93070400e-02 
 1.00000000e+00  3.99771200e-02 -4.26604000e-02 
 1.00000000e+00  3.96168000e-02 -4.16633600e-02 
 1.00000000e+00  3.73136800e-02 -3.95472000e-02 
 1.00000000e+00  3.40667200e-02 -3.63316000e-02 
 1.00000000e+00  3.74710400e-02 -3.95646400e-02 
 1.00000000e+00  5.38221600e-02 -5.52502400e-02 
 1.00000000e+00  5.22633600e-02 -5.28146400e-02 
 1.00000000e+00  5.21977600e-02 -5.34727200e-02 
 1.00000000e+00  5.06415200e-02 -5.16885600e-02 
 1.00000000e+00  4.96019200e-02 -5.06449600e-02 
 1.00000000e+00  5.38781600e-02 -5.54912000e-02 
 1.00000000e+00  5.36492000e-02 -5.46039200e-02 
 1.00000000e+00  5.17313600e-02 -5.31684800e-02 
 1.00000000e+00  5.00195200e-02 -5.12892800e-02 
 1.00000000e+00  4.91610400e-02 -5.03876000e-02 
 1.00000000e+00  5.13293600e-02 -5.40526400e-02 
 1.00000000e+00  5.12819200e-02 -5.36408000e-02 
 1.00000000e+00  4.76819200e-02 -5.03146400e-02 
 1.00000000e+00  4.38907200e-02 -4.65802400e-02 
 1.00000000e+00  4.78892000e-02 -5.03107200e-02 
 1.00000000e+00  6.40542400e-02 -6.57872000e-02 
 1.00000000e+00  6.38417600e-02 -6.44556800e-02 
 1.00000000e+00  6.21420000e-02 -6.36764000e-02 
 1.00000000e+00  6.00817600e-02 -6.14689600e-02 
 1.00000000e+00  5.90417600e-02 -6.02890400e-02 
 1.00000000e+00  6.40959200e-02 -6.60523200e-02 
 1.00000000e+00  6.44364000e-02 -6.61002400e-02 
 1.00000000e+00  6.16032000e-02 -6.33164000e-02 
 1.00000000e+00  5.95611200e-02 -6.11449600e-02 
 1.00000000e+00  5.84817600e-02 -5.99648000e-02 
 1.00000000e+00  6.15217600e-02 -6.43411200e-02 
 1.00000000e+00  6.10732800e-02 -6.38616000e-02 
 1.00000000e+00  5.64014400e-02 -5.93804800e-02 
 1.00000000e+00  5.20817600e-02 -5.51648000e-02 
 1.00000000e+00  5.68814400e-02 -5.95914400e-02 
 1.00000000e+00  4.23204000e-02 -4.29251200e-02 
 1.00000000e+00  4.38708800e-02 -4.56424000e-02 
 1.00000000e+00  4.14052000e-02 -4.23764000e-02 
 1.00000000e+00  4.03442400e-02 -4.10760800e-02 
 1.00000000e+00  3.92008800e-02 -3.99413600e-02 
 1.00000000e+00  4.22908000e-02 -4.30492000e-02 
 1.00000000e+00  4.15809600e-02 -4.39154400e-02 
 1.00000000e+00  4.08911200e-02 -4.20133600e-02 
 1.00000000e+00  3.96008800e-02 -4.03312000e-02 
 1.00000000e+00  3.87208800e-02 -3.96591200e-02 
 1.00000000e+00  4.30097600e-02 -4.45079200e-02 
 1.00000000e+00  4.10408800e-02 -4.31024000e-02 
 1.00000000e+00  3.71705600e-02 -3.92805600e-02 
 1.00000000e+00  3.28808800e-02 -3.48982400e-02 
 1.00000000e+00  3.78708800e-02 -3.99108800e-02 
 1.00000000e+00  5.48808800e-02 -5.59453600e-02 
 1.00000000e+00  5.04736800e-02 -5.19003200e-02 
 1.00000000e+00  5.31836000e-02 -5.44625600e-02 
 1.00000000e+00  5.10221600e-02 -5.20921600e-02 
 1.00000000e+00  5.02508800e-02 -5.12252000e-02 
 1.00000000e+00  5.48804000e-02 -5.61237600e-02 
 1.00000000e+00  5.22748000e-02 -5.25144800e-02 
 1.00000000e+00  5.25604000e-02 -5.40121600e-02 
 1.00000000e+00  5.03208800e-02 -5.16426400e-02 
 1.00000000e+00  4.96512800e-02 -5.08368800e-02 
 1.00000000e+00  5.43010400e-02 -5.74664000e-02 
 1.00000000e+00  5.27710400e-02 -5.52516800e-02 
 1.00000000e+00  4.73608800e-02 -4.98359200e-02 
 1.00000000e+00  4.22724000e-02 -4.47213600e-02 
 1.00000000e+00  4.84511200e-02 -5.08171200e-02 
 1.00000000e+00  6.53609600e-02 -6.69312800e-02 
 1.00000000e+00  6.18173600e-02 -6.14013600e-02 
 1.00000000e+00  6.32004800e-02 -6.47516000e-02 
 1.00000000e+00  6.06710400e-02 -6.20416800e-02 
 1.00000000e+00  5.97821600e-02 -6.09579200e-02 
 1.00000000e+00  6.54097600e-02 -6.71586400e-02 
 1.00000000e+00  6.44009600e-02 -6.44712000e-02 
 1.00000000e+00  6.25239200e-02 -6.42493600e-02 
 1.00000000e+00  5.99711200e-02 -6.15444000e-02 
 1.00000000e+00  5.91245600e-02 -6.04987200e-02 
 1.00000000e+00  6.40004800e-02 -6.71578400e-02 
 1.00000000e+00  6.20009600e-02 -6.49072800e-02 
 1.00000000e+00  5.59554400e-02 -5.87437600e-02 
 1.00000000e+00  5.01609600e-02 -5.29133600e-02 
 1.00000000e+00  5.76009600e-02 -6.02294400e-02 
