 1.00000000e+00  2.47240000e-03 
 1.00000000e+00  2.48848000e-03 
 1.00000000e+00  2.59890000e-03 
 1.00000000e+00  2.58039000e-03 
 1.00000000e+00  2.59677000e-03 
 1.00000000e+00  2.71270000e-03 
 1.00000000e+00  2.68053000e-03 
 1.00000000e+00  2.69954000e-03 
 1.00000000e+00  2.83477000e-03 
 1.00000000e+00  2.45476000e-03 
 1.00000000e+00  2.48353000e-03 
 1.00000000e+00  2.57909000e-03 
 1.00000000e+00  2.56553000e-03 
 1.00000000e+00  2.58742000e-03 
 1.00000000e+00  2.71240000e-03 
 1.00000000e+00  2.66889000e-03 
 1.00000000e+00  2.68539000e-03 
 1.00000000e+00  2.82549000e-03 
 1.00000000e+00  2.48276000e-03 
 1.00000000e+00  2.49518000e-03 
 1.00000000e+00  2.60041000e-03 
 1.00000000e+00  2.58501000e-03 
 1.00000000e+00  2.60020000e-03 
 1.00000000e+00  2.72216000e-03 
 1.00000000e+00  2.69867000e-03 
 1.00000000e+00  2.70990000e-03 
 1.00000000e+00  2.85525000e-03 
 1.00000000e+00  2.48265000e-03 
 1.00000000e+00  2.49679000e-03 
 1.00000000e+00  2.60340000e-03 
 1.00000000e+00  2.58629000e-03 
 1.00000000e+00  2.60152000e-03 
 1.00000000e+00  2.72380000e-03 
 1.00000000e+00  2.70750000e-03 
 1.00000000e+00  2.72530000e-03 
 1.00000000e+00  2.85216000e-03 
 1.00000000e+00  2.45816000e-03 
 1.00000000e+00  2.47830000e-03 
 1.00000000e+00  2.58790000e-03 
 1.00000000e+00  2.56337000e-03 
 1.00000000e+00  2.58388000e-03 
 1.00000000e+00  2.70559000e-03 
 1.00000000e+00  2.67315000e-03 
 1.00000000e+00  2.68923000e-03 
 1.00000000e+00  2.82535000e-03 
