 1.00000000e+00  1.06898200e-02 -1.10953000e-02 
 1.00000000e+00  1.10654700e-02 -1.17164500e-02 
 1.00000000e+00  1.03925800e-02 -1.07925400e-02 
 1.00000000e+00  1.01253800e-02 -1.04870400e-02 
 1.00000000e+00  9.86710400e-03 -1.02196500e-02 
 1.00000000e+00  1.06775000e-02 -1.11827800e-02 
 1.00000000e+00  1.05484200e-02 -1.12001300e-02 
 1.00000000e+00  1.02817900e-02 -1.07680300e-02 
 1.00000000e+00  1.00043200e-02 -1.04655000e-02 
 1.00000000e+00  9.76032000e-03 -1.02094100e-02 
 1.00000000e+00  1.03575400e-02 -1.12960600e-02 
 1.00000000e+00  9.94457600e-03 -1.07942700e-02 
 1.00000000e+00  9.26988800e-03 -1.01039400e-02 
 1.00000000e+00  8.44848000e-03 -9.24697600e-03 
 1.00000000e+00  9.28048000e-03 -1.01121600e-02 
 1.00000000e+00  1.36520300e-02 -1.41958400e-02 
 1.00000000e+00  1.28674200e-02 -1.35042200e-02 
 1.00000000e+00  1.32365800e-02 -1.37602200e-02 
 1.00000000e+00  1.27685100e-02 -1.32482200e-02 
 1.00000000e+00  1.25125100e-02 -1.29922200e-02 
 1.00000000e+00  1.36325100e-02 -1.43040000e-02 
 1.00000000e+00  1.32725800e-02 -1.39008000e-02 
 1.00000000e+00  1.30886700e-02 -1.37202200e-02 
 1.00000000e+00  1.25965800e-02 -1.32040600e-02 
 1.00000000e+00  1.23970900e-02 -1.29602200e-02 
 1.00000000e+00  1.29701400e-02 -1.39842200e-02 
 1.00000000e+00  1.27685100e-02 -1.37602200e-02 
 1.00000000e+00  1.17765100e-02 -1.27362200e-02 
 1.00000000e+00  1.07902400e-02 -1.17245400e-02 
 1.00000000e+00  1.18165100e-02 -1.27773800e-02 
 1.00000000e+00  1.61605100e-02 -1.68127000e-02 
 1.00000000e+00  1.55845100e-02 -1.62121900e-02 
 1.00000000e+00  1.56485100e-02 -1.62762600e-02 
 1.00000000e+00  1.50723200e-02 -1.56722900e-02 
 1.00000000e+00  1.48165100e-02 -1.53728300e-02 
 1.00000000e+00  1.61525400e-02 -1.69372500e-02 
 1.00000000e+00  1.60463000e-02 -1.68002600e-02 
 1.00000000e+00  1.54885100e-02 -1.62242600e-02 
 1.00000000e+00  1.49125100e-02 -1.56359400e-02 
 1.00000000e+00  1.46563200e-02 -1.53282600e-02 
 1.00000000e+00  1.53925100e-02 -1.64875200e-02 
 1.00000000e+00  1.50725100e-02 -1.61757100e-02 
 1.00000000e+00  1.38805400e-02 -1.49521000e-02 
 1.00000000e+00  1.27685100e-02 -1.38046100e-02 
 1.00000000e+00  1.40073600e-02 -1.50615000e-02 
 1.00000000e+00  1.08168000e-02 -1.12321900e-02 
 1.00000000e+00  1.14489900e-02 -1.20959700e-02 
 1.00000000e+00  1.05545600e-02 -1.09641000e-02 
 1.00000000e+00  1.02303400e-02 -1.06078700e-02 
 1.00000000e+00  9.95292800e-03 -1.03167700e-02 
 1.00000000e+00  1.08049900e-02 -1.13202200e-02 
 1.00000000e+00  1.09049900e-02 -1.16161900e-02 
 1.00000000e+00  1.04168000e-02 -1.09299500e-02 
 1.00000000e+00  1.01127700e-02 -1.05884800e-02 
 1.00000000e+00  9.82480000e-03 -1.03039700e-02 
 1.00000000e+00  1.06888000e-02 -1.16161900e-02 
 1.00000000e+00  1.00808000e-02 -1.09761900e-02 
 1.00000000e+00  9.44080000e-03 -1.03039700e-02 
 1.00000000e+00  8.60736000e-03 -9.44019200e-03 
 1.00000000e+00  9.34480000e-03 -1.02081900e-02 
 1.00000000e+00  1.38184000e-02 -1.43808300e-02 
 1.00000000e+00  1.30567400e-02 -1.37522900e-02 
 1.00000000e+00  1.34109100e-02 -1.39522600e-02 
 1.00000000e+00  1.29361600e-02 -1.34082600e-02 
 1.00000000e+00  1.26226200e-02 -1.31077100e-02 
 1.00000000e+00  1.38246100e-02 -1.44960600e-02 
 1.00000000e+00  1.32807400e-02 -1.39522600e-02 
 1.00000000e+00  1.32487400e-02 -1.38882600e-02 
 1.00000000e+00  1.27340800e-02 -1.33442600e-02 
 1.00000000e+00  1.24806100e-02 -1.30758400e-02 
 1.00000000e+00  1.32807400e-02 -1.43880300e-02 
 1.00000000e+00  1.29413400e-02 -1.39842600e-02 
 1.00000000e+00  1.19367400e-02 -1.29740500e-02 
 1.00000000e+00  1.09824300e-02 -1.19682600e-02 
 1.00000000e+00  1.18727400e-02 -1.28642600e-02 
 1.00000000e+00  1.63728600e-02 -1.70243200e-02 
 1.00000000e+00  1.55526700e-02 -1.61923200e-02 
 1.00000000e+00  1.58406700e-02 -1.64897900e-02 
 1.00000000e+00  1.52169900e-02 -1.58403200e-02 
 1.00000000e+00  1.49126700e-02 -1.54881300e-02 
 1.00000000e+00  1.63710100e-02 -1.71843200e-02 
 1.00000000e+00  1.60966700e-02 -1.68643200e-02 
 1.00000000e+00  1.56687700e-02 -1.64483200e-02 
 1.00000000e+00  1.50529900e-02 -1.57901100e-02 
 1.00000000e+00  1.47526700e-02 -1.54563200e-02 
 1.00000000e+00  1.56458200e-02 -1.68323200e-02 
 1.00000000e+00  1.53410900e-02 -1.64803200e-02 
 1.00000000e+00  1.40884800e-02 -1.52177900e-02 
 1.00000000e+00  1.29606700e-02 -1.40803200e-02 
 1.00000000e+00  1.40408300e-02 -1.51683200e-02 
 1.00000000e+00  1.05604800e-02 -1.09524800e-02 
 1.00000000e+00  1.06693800e-02 -1.12990100e-02 
 1.00000000e+00  1.02610200e-02 -1.06411500e-02 
 1.00000000e+00  1.00222400e-02 -1.03700200e-02 
 1.00000000e+00  9.78438400e-03 -1.01279700e-02 
 1.00000000e+00  1.05562200e-02 -1.10405400e-02 
 1.00000000e+00  1.03189400e-02 -1.08862400e-02 
 1.00000000e+00  1.01533800e-02 -1.06217300e-02 
 1.00000000e+00  9.88736000e-03 -1.03198400e-02 
 1.00000000e+00  9.68838400e-03 -1.01199700e-02 
 1.00000000e+00  1.00163500e-02 -1.08722200e-02 
 1.00000000e+00  9.81660800e-03 -1.06186900e-02 
 1.00000000e+00  9.13708800e-03 -9.91696000e-03 
 1.00000000e+00  8.31001600e-03 -9.05312000e-03 
 1.00000000e+00  9.23606400e-03 -1.00200300e-02 
 1.00000000e+00  1.34723800e-02 -1.40042900e-02 
 1.00000000e+00  1.28204200e-02 -1.33738900e-02 
 1.00000000e+00  1.30764200e-02 -1.35681900e-02 
 1.00000000e+00  1.26284200e-02 -1.31082600e-02 
 1.00000000e+00  1.24163800e-02 -1.28961900e-02 
 1.00000000e+00  1.34813800e-02 -1.41041900e-02 
 1.00000000e+00  1.32679000e-02 -1.38759000e-02 
 1.00000000e+00  1.29484200e-02 -1.35361900e-02 
 1.00000000e+00  1.24941800e-02 -1.30720000e-02 
 1.00000000e+00  1.23124200e-02 -1.28639400e-02 
 1.00000000e+00  1.27363800e-02 -1.36641900e-02 
 1.00000000e+00  1.25763800e-02 -1.35041900e-02 
 1.00000000e+00  1.16163800e-02 -1.25121900e-02 
 1.00000000e+00  1.06243800e-02 -1.14881900e-02 
 1.00000000e+00  1.17684200e-02 -1.26704300e-02 
 1.00000000e+00  1.59595800e-02 -1.65888000e-02 
 1.00000000e+00  1.56484200e-02 -1.62438400e-02 
 1.00000000e+00  1.54804500e-02 -1.60962200e-02 
 1.00000000e+00  1.49582100e-02 -1.55202200e-02 
 1.00000000e+00  1.47204200e-02 -1.52640000e-02 
 1.00000000e+00  1.59604500e-02 -1.67040000e-02 
 1.00000000e+00  1.59364200e-02 -1.66917800e-02 
 1.00000000e+00  1.53363800e-02 -1.60517800e-02 
 1.00000000e+00  1.48164200e-02 -1.55077800e-02 
 1.00000000e+00  1.45844500e-02 -1.52320000e-02 
 1.00000000e+00  1.51604500e-02 -1.61738900e-02 
 1.00000000e+00  1.48484200e-02 -1.58402200e-02 
 1.00000000e+00  1.37089900e-02 -1.47079700e-02 
 1.00000000e+00  1.25642200e-02 -1.35362200e-02 
 1.00000000e+00  1.39796800e-02 -1.49442200e-02 
 1.00000000e+00  1.06071000e-02 -1.10394600e-02 
 1.00000000e+00  1.08629800e-02 -1.15471000e-02 
 1.00000000e+00  1.02939800e-02 -1.07114900e-02 
 1.00000000e+00  1.00381100e-02 -1.04266900e-02 
 1.00000000e+00  9.81052800e-03 -1.01865300e-02 
 1.00000000e+00  1.06035800e-02 -1.11348800e-02 
 1.00000000e+00  1.04569900e-02 -1.10721600e-02 
 1.00000000e+00  1.01897600e-02 -1.07009900e-02 
 1.00000000e+00  9.94211200e-03 -1.04241600e-02 
 1.00000000e+00  9.71609600e-03 -1.01909400e-02 
 1.00000000e+00  9.93955200e-03 -1.08161300e-02 
 1.00000000e+00  9.79283200e-03 -1.06474200e-02 
 1.00000000e+00  9.28412800e-03 -1.01392000e-02 
 1.00000000e+00  8.57257600e-03 -9.40710400e-03 
 1.00000000e+00  9.24944000e-03 -1.00923500e-02 
 1.00000000e+00  1.35189800e-02 -1.40801900e-02 
 1.00000000e+00  1.30566400e-02 -1.36642900e-02 
 1.00000000e+00  1.31128600e-02 -1.36639400e-02 
 1.00000000e+00  1.27113300e-02 -1.32256300e-02 
 1.00000000e+00  1.24486400e-02 -1.29521900e-02 
 1.00000000e+00  1.35242900e-02 -1.42079400e-02 
 1.00000000e+00  1.34087700e-02 -1.40799400e-02 
 1.00000000e+00  1.29883500e-02 -1.36432300e-02 
 1.00000000e+00  1.25617900e-02 -1.31839400e-02 
 1.00000000e+00  1.23207700e-02 -1.29427200e-02 
 1.00000000e+00  1.26465300e-02 -1.36321900e-02 
 1.00000000e+00  1.25767700e-02 -1.35681900e-02 
 1.00000000e+00  1.18089000e-02 -1.27921900e-02 
 1.00000000e+00  1.09447700e-02 -1.19359400e-02 
 1.00000000e+00  1.17767700e-02 -1.27361900e-02 
 1.00000000e+00  1.60133100e-02 -1.67042200e-02 
 1.00000000e+00  1.58448300e-02 -1.65122200e-02 
 1.00000000e+00  1.55377900e-02 -1.61922200e-02 
 1.00000000e+00  1.50225600e-02 -1.56482200e-02 
 1.00000000e+00  1.47415000e-02 -1.53282200e-02 
 1.00000000e+00  1.60007000e-02 -1.68320000e-02 
 1.00000000e+00  1.60535000e-02 -1.68642200e-02 
 1.00000000e+00  1.54009600e-02 -1.61739800e-02 
 1.00000000e+00  1.48807000e-02 -1.56162200e-02 
 1.00000000e+00  1.46122600e-02 -1.53280000e-02 
 1.00000000e+00  1.51047000e-02 -1.61922200e-02 
 1.00000000e+00  1.49893100e-02 -1.60642200e-02 
 1.00000000e+00  1.39527000e-02 -1.50524800e-02 
 1.00000000e+00  1.29927000e-02 -1.40802200e-02 
 1.00000000e+00  1.39527000e-02 -1.50400000e-02 
 1.00000000e+00  1.07201600e-02 -1.11041900e-02 
 1.00000000e+00  1.11043500e-02 -1.17042200e-02 
 1.00000000e+00  1.05159400e-02 -1.08753900e-02 
 1.00000000e+00  1.02221400e-02 -1.05597800e-02 
 1.00000000e+00  9.93641600e-03 -1.02634600e-02 
 1.00000000e+00  1.06883500e-02 -1.11760300e-02 
 1.00000000e+00  1.07103700e-02 -1.13782400e-02 
 1.00000000e+00  1.03805800e-02 -1.08434900e-02 
 1.00000000e+00  1.00336600e-02 -1.04648600e-02 
 1.00000000e+00  9.82435200e-03 -1.02301100e-02 
 1.00000000e+00  1.05282900e-02 -1.13601900e-02 
 1.00000000e+00  1.01123500e-02 -1.09721900e-02 
 1.00000000e+00  9.27100800e-03 -1.00767000e-02 
 1.00000000e+00  8.32819200e-03 -9.08796800e-03 
 1.00000000e+00  9.33187200e-03 -1.01441900e-02 
 1.00000000e+00  1.37524200e-02 -1.42602600e-02 
 1.00000000e+00  1.27363500e-02 -1.33894700e-02 
 1.00000000e+00  1.33708200e-02 -1.38642600e-02 
 1.00000000e+00  1.28203800e-02 -1.32928600e-02 
 1.00000000e+00  1.26081600e-02 -1.30482900e-02 
 1.00000000e+00  1.37283500e-02 -1.43602900e-02 
 1.00000000e+00  1.30243500e-02 -1.36416300e-02 
 1.00000000e+00  1.31843500e-02 -1.38086700e-02 
 1.00000000e+00  1.26569000e-02 -1.32358700e-02 
 1.00000000e+00  1.24684200e-02 -1.29922900e-02 
 1.00000000e+00  1.33443500e-02 -1.43892800e-02 
 1.00000000e+00  1.29283500e-02 -1.39202900e-02 
 1.00000000e+00  1.17443500e-02 -1.26917800e-02 
 1.00000000e+00  1.06243500e-02 -1.15122900e-02 
 1.00000000e+00  1.18723500e-02 -1.28322900e-02 
 1.00000000e+00  1.62883800e-02 -1.69203800e-02 
 1.00000000e+00  1.52322200e-02 -1.58083500e-02 
 1.00000000e+00  1.57862100e-02 -1.63841300e-02 
 1.00000000e+00  1.51542400e-02 -1.57123500e-02 
 1.00000000e+00  1.49044500e-02 -1.54379800e-02 
 1.00000000e+00  1.63074200e-02 -1.70443500e-02 
 1.00000000e+00  1.59099200e-02 -1.65761300e-02 
 1.00000000e+00  1.56084500e-02 -1.63203500e-02 
 1.00000000e+00  1.49763800e-02 -1.56684500e-02 
 1.00000000e+00  1.47523800e-02 -1.53923500e-02 
 1.00000000e+00  1.56679000e-02 -1.67683500e-02 
 1.00000000e+00  1.52003800e-02 -1.62737900e-02 
 1.00000000e+00  1.38243800e-02 -1.48803500e-02 
 1.00000000e+00  1.25443800e-02 -1.35363500e-02 
 1.00000000e+00  1.40801900e-02 -1.51043500e-02 
