 1.00000000e+00 -1.29320699e-09 -3.11740841e-11 
 1.00000000e+00 -1.26694915e-09 -3.11882950e-11 
 1.00000000e+00 -1.27000141e-09 -3.11900714e-11 
 1.00000000e+00 -1.28319057e-09 -3.11882950e-11 
 1.00000000e+00 -1.31228482e-09 -3.11776369e-11 
 1.00000000e+00 -1.49779318e-09 -3.12327039e-11 
 1.00000000e+00 -1.48659475e-09 -3.11882950e-11 
 1.00000000e+00 -1.49239865e-09 -3.12042822e-11 
 1.00000000e+00 -1.51810253e-09 -3.12042822e-11 
 1.00000000e+00 -1.55953531e-09 -3.11918477e-11 
 1.00000000e+00 -2.74225991e-09 -3.11740841e-11 
 1.00000000e+00 -2.67783808e-09 -3.11776369e-11 
 1.00000000e+00 -2.73314854e-09 -3.11865186e-11 
 1.00000000e+00 -2.78372027e-09 -3.11758605e-11 
 1.00000000e+00 -3.10409694e-09 -3.11865186e-11 
 1.00000000e+00 -1.44980561e-09 -3.77674780e-10 
 1.00000000e+00 -1.46232537e-09 -3.77688991e-10 
 1.00000000e+00 -1.46981449e-09 -3.77703202e-10 
 1.00000000e+00 -1.49663038e-09 -3.77710307e-10 
 1.00000000e+00 -1.53686130e-09 -3.77731624e-10 
 1.00000000e+00 -1.63105085e-09 -3.77767151e-10 
 1.00000000e+00 -1.63697678e-09 -3.77902154e-10 
 1.00000000e+00 -1.64516223e-09 -3.77795573e-10 
 1.00000000e+00 -1.67609926e-09 -3.78001630e-10 
 1.00000000e+00 -1.71702652e-09 -3.77831100e-10 
 1.00000000e+00 -2.95685254e-09 -3.78307163e-10 
 1.00000000e+00 -2.89455215e-09 -3.78562959e-10 
 1.00000000e+00 -2.91819902e-09 -3.78463483e-10 
 1.00000000e+00 -2.99954195e-09 -3.78470588e-10 
 1.00000000e+00 -3.13781356e-09 -3.78292953e-10 
 1.00000000e+00 -2.75295520e-09 -8.03686362e-09 
 1.00000000e+00 -2.78916445e-09 -8.03686362e-09 
 1.00000000e+00 -2.80616064e-09 -8.03686362e-09 
 1.00000000e+00 -2.83299073e-09 -8.03687072e-09 
 1.00000000e+00 -2.82999224e-09 -8.03687072e-09 
 1.00000000e+00 -3.02561887e-09 -8.03725442e-09 
 1.00000000e+00 -3.06151549e-09 -8.03723310e-09 
 1.00000000e+00 -3.08197912e-09 -8.03721178e-09 
 1.00000000e+00 -3.11011661e-09 -8.03721889e-09 
 1.00000000e+00 -3.11129611e-09 -8.03721178e-09 
 1.00000000e+00 -5.07276354e-09 -8.03925104e-09 
 1.00000000e+00 -5.02907938e-09 -8.03926525e-09 
 1.00000000e+00 -5.07674258e-09 -8.03923683e-09 
 1.00000000e+00 -5.18181764e-09 -8.03921552e-09 
 1.00000000e+00 -5.32210720e-09 -8.03920130e-09 
 1.00000000e+00 -1.27401828e-09 -3.01983993e-11 
 1.00000000e+00 -1.25029070e-09 -3.01415559e-11 
 1.00000000e+00 -1.24542976e-09 -3.02285974e-11 
 1.00000000e+00 -1.25238542e-09 -3.02197156e-11 
 1.00000000e+00 -1.28153377e-09 -3.02339265e-11 
 1.00000000e+00 -1.44003010e-09 -3.02570191e-11 
 1.00000000e+00 -1.41629752e-09 -3.03440606e-11 
 1.00000000e+00 -1.41673895e-09 -3.03511660e-11 
 1.00000000e+00 -1.42213996e-09 -3.03440606e-11 
 1.00000000e+00 -1.45663193e-09 -3.02534664e-11 
 1.00000000e+00 -2.76017491e-09 -3.07686099e-11 
 1.00000000e+00 -2.72991571e-09 -3.08609804e-11 
 1.00000000e+00 -2.79336107e-09 -3.08556514e-11 
 1.00000000e+00 -2.81766477e-09 -3.08769676e-11 
 1.00000000e+00 -2.98015311e-09 -3.07828207e-11 
 1.00000000e+00 -1.40045131e-09 -3.77369247e-11 
 1.00000000e+00 -1.40886414e-09 -3.77937681e-11 
 1.00000000e+00 -1.42115653e-09 -3.77795573e-11 
 1.00000000e+00 -1.44594026e-09 -3.77866627e-11 
 1.00000000e+00 -1.48688173e-09 -3.77582410e-11 
 1.00000000e+00 -1.57174895e-09 -3.79287712e-11 
 1.00000000e+00 -1.57584168e-09 -3.79216658e-11 
 1.00000000e+00 -1.58719615e-09 -3.79287712e-11 
 1.00000000e+00 -1.61405467e-09 -3.79287712e-11 
 1.00000000e+00 -1.65860570e-09 -3.79358767e-11 
 1.00000000e+00 -2.79291612e-09 -3.85824706e-11 
 1.00000000e+00 -2.74522449e-09 -3.86179977e-11 
 1.00000000e+00 -2.77296408e-09 -3.85966814e-11 
 1.00000000e+00 -2.85072588e-09 -3.85966814e-11 
 1.00000000e+00 -2.94207325e-09 -3.85966814e-11 
 1.00000000e+00 -1.91094784e-09 -4.72674344e-10 
 1.00000000e+00 -1.94096117e-09 -4.72638817e-10 
 1.00000000e+00 -1.95417726e-09 -4.72631712e-10 
 1.00000000e+00 -1.97985628e-09 -4.72638817e-10 
 1.00000000e+00 -1.99625561e-09 -4.72667239e-10 
 1.00000000e+00 -2.11667839e-09 -4.72979877e-10 
 1.00000000e+00 -2.14262741e-09 -4.72965667e-10 
 1.00000000e+00 -2.15626983e-09 -4.72972772e-10 
 1.00000000e+00 -2.18308571e-09 -4.72972772e-10 
 1.00000000e+00 -2.20171614e-09 -4.72965667e-10 
 1.00000000e+00 -3.68817155e-09 -4.74912554e-10 
 1.00000000e+00 -2.53128917e-05 -7.40029913e-07 
 1.00000000e+00 -3.70079078e-09 -4.74742023e-10 
 1.00000000e+00 -3.80578058e-09 -4.74727813e-10 
 1.00000000e+00 -3.82507892e-09 -4.74727813e-10 
 1.00000000e+00 -1.36031986e-09 -8.60467253e-11 
 1.00000000e+00 -1.35213440e-09 -8.59543547e-11 
 1.00000000e+00 -1.35690925e-09 -8.60609362e-11 
 1.00000000e+00 -1.38554412e-09 -8.60538307e-11 
 1.00000000e+00 -1.43104728e-09 -8.61746230e-11 
 1.00000000e+00 -1.51744928e-09 -8.59330385e-11 
 1.00000000e+00 -1.51338497e-09 -8.59188276e-11 
 1.00000000e+00 -1.51702295e-09 -8.59117222e-11 
 1.00000000e+00 -1.54705049e-09 -8.58975113e-11 
 1.00000000e+00 -1.60343916e-09 -8.59330385e-11 
 1.00000000e+00 -2.81912094e-09 -8.57554028e-11 
 1.00000000e+00 -2.73408318e-09 -8.55777671e-11 
 1.00000000e+00 -2.77452727e-09 -8.56203997e-11 
 1.00000000e+00 -2.83822033e-09 -8.55777671e-11 
 1.00000000e+00 -3.34844685e-09 -8.55919779e-11 
 1.00000000e+00 -1.79193194e-09 -4.63790428e-09 
 1.00000000e+00 -1.79785786e-09 -4.63789718e-09 
 1.00000000e+00 -1.81059079e-09 -4.63789718e-09 
 1.00000000e+00 -1.83833038e-09 -4.63790428e-09 
 1.00000000e+00 -1.87428384e-09 -4.63789007e-09 
 1.00000000e+00  1.06093305e-05  2.14941085e-07 
 1.00000000e+00  1.10639108e-05  2.46939720e-07 
 1.00000000e+00  1.21579197e-05  1.78872087e-07 
 1.00000000e+00  1.00968059e-05  1.89665992e-07 
 1.00000000e+00  6.44804965e-06  2.16693312e-07 
 1.00000000e+00 -3.89232468e-09 -4.63846561e-09 
 1.00000000e+00 -3.80910592e-09 -4.63845851e-09 
 1.00000000e+00 -3.83735710e-09 -4.63844430e-09 
 1.00000000e+00 -3.93325195e-09 -4.63846561e-09 
 1.00000000e+00 -4.12876489e-09 -4.63845140e-09 
 1.00000000e+00 -7.03199987e-09 -5.66780045e-08 
 1.00000000e+00 -7.05993841e-09 -5.66779974e-08 
 1.00000000e+00 -7.08085679e-09 -5.66780471e-08 
 1.00000000e+00 -7.10811321e-09 -5.66779903e-08 
 1.00000000e+00 -7.12736892e-09 -5.66780045e-08 
 1.00000000e+00 -7.79357379e-09 -5.66784024e-08 
 1.00000000e+00 -7.82080178e-09 -5.66783882e-08 
 1.00000000e+00 -7.83761323e-09 -5.66783882e-08 
 1.00000000e+00 -7.87028398e-09 -5.66784095e-08 
 1.00000000e+00 -7.89191290e-09 -5.66783953e-08 
 1.00000000e+00 -1.57306204e-08 -5.66805980e-08 
 1.00000000e+00 -1.57160969e-08 -5.66806264e-08 
 1.00000000e+00 -1.57756972e-08 -5.66805909e-08 
 1.00000000e+00 -1.58930220e-08 -5.66805625e-08 
 1.00000000e+00 -1.61663252e-08 -5.66806904e-08 
 1.00000000e+00 -1.28251543e-09 -3.55839802e-11 
 1.00000000e+00 -1.27049304e-09 -3.55768748e-11 
 1.00000000e+00 -1.27593580e-09 -3.55768748e-11 
 1.00000000e+00 -1.29409727e-09 -3.55910856e-11 
 1.00000000e+00 -1.31224454e-09 -3.55768748e-11 
 1.00000000e+00 -1.47376511e-09 -3.54773988e-11 
 1.00000000e+00 -1.45465151e-09 -3.54702934e-11 
 1.00000000e+00 -1.45965373e-09 -3.54773988e-11 
 1.00000000e+00 -1.48195056e-09 -3.54773988e-11 
 1.00000000e+00 -1.52422786e-09 -3.54631879e-11 
 1.00000000e+00 -2.75650791e-09 -3.50155460e-11 
 1.00000000e+00 -2.67459654e-09 -3.50368623e-11 
 1.00000000e+00 -2.71381850e-09 -3.50510732e-11 
 1.00000000e+00 -2.77475465e-09 -3.50297569e-11 
 1.00000000e+00 -2.92843083e-09 -3.50439677e-11 
 1.00000000e+00 -2.31196026e-09 -6.00787774e-10 
 1.00000000e+00 -2.33171542e-09 -6.00938764e-10 
 1.00000000e+00 -2.35308878e-09 -6.00739812e-10 
 1.00000000e+00 -2.38402693e-09 -6.00956528e-10 
 1.00000000e+00 -2.42880545e-09 -6.00874815e-10 
 1.00000000e+00 -2.58137380e-09 -6.00912119e-10 
 1.00000000e+00 -2.60182360e-09 -6.01064885e-10 
 1.00000000e+00 -2.62274309e-09 -6.00919224e-10 
 1.00000000e+00 -2.65412091e-09 -6.01066662e-10 
 1.00000000e+00 -2.70550748e-09 -6.01032911e-10 
 1.00000000e+00 -5.09216472e-09 -6.01471671e-10 
 1.00000000e+00 -5.01030775e-09 -6.01620885e-10 
 1.00000000e+00 -5.03932474e-09 -6.01622661e-10 
 1.00000000e+00 -5.11896782e-09 -6.01620885e-10 
 1.00000000e+00 -5.19857316e-09 -6.01610227e-10 
 1.00000000e+00 -1.29944340e-08 -7.48271134e-09 
 1.00000000e+00 -1.30458062e-08 -7.48269713e-09 
 1.00000000e+00 -1.30667388e-08 -7.48272555e-09 
 1.00000000e+00 -1.30917499e-08 -7.48269713e-09 
 1.00000000e+00 -1.31015412e-08 -7.48278950e-09 
 1.00000000e+00 -1.44784593e-08 -7.48307372e-09 
 1.00000000e+00 -1.45248436e-08 -7.48305240e-09 
 1.00000000e+00 -1.45535068e-08 -7.48305951e-09 
 1.00000000e+00 -1.45817012e-08 -7.48308082e-09 
 1.00000000e+00 -1.45971768e-08 -7.48310214e-09 
 1.00000000e+00 -3.09334496e-08 -7.48555351e-09 
 1.00000000e+00 -3.08774020e-08 -7.48533324e-09 
 1.00000000e+00 -3.09370023e-08 -7.48529061e-09 
 1.00000000e+00 -3.10500923e-08 -7.48529771e-09 
 1.00000000e+00 -3.10450616e-08 -7.48531193e-09 
 1.00000000e+00 -1.36781236e-09 -3.03104243e-10 
 1.00000000e+00 -1.34728068e-09 -3.03074045e-10 
 1.00000000e+00 -1.33832878e-09 -3.03020754e-10 
 1.00000000e+00 -1.33641631e-09 -3.03049176e-10 
 1.00000000e+00 -1.36367789e-09 -3.03029636e-10 
 1.00000000e+00 -1.55073032e-09 -3.03233917e-10 
 1.00000000e+00 -1.53098478e-09 -3.03168192e-10 
 1.00000000e+00 -1.53125257e-09 -3.03182403e-10 
 1.00000000e+00 -1.53687041e-09 -3.03175297e-10 
 1.00000000e+00 -1.57932167e-09 -3.03246352e-10 
 1.00000000e+00 -2.97586611e-09 -3.03805904e-10 
 1.00000000e+00 -2.90448543e-09 -3.03905380e-10 
 1.00000000e+00 -2.95274338e-09 -3.03805904e-10 
 1.00000000e+00 -2.95167302e-09 -3.03919591e-10 
 1.00000000e+00 -3.63209740e-09 -3.30868700e-10 
 1.00000000e+00 -1.43468526e-09 -1.38056535e-08 
 1.00000000e+00 -1.43468526e-09 -1.38056464e-08 
 1.00000000e+00 -1.43442946e-09 -1.38056606e-08 
 1.00000000e+00 -1.45627155e-09 -1.38056535e-08 
 1.00000000e+00 -1.49172763e-09 -1.38056464e-08 
 1.00000000e+00 -1.62343383e-09 -1.38057814e-08 
 1.00000000e+00 -1.61344360e-09 -1.38058098e-08 
 1.00000000e+00 -1.61480784e-09 -1.38057956e-08 
 1.00000000e+00 -1.63983316e-09 -1.38058027e-08 
 1.00000000e+00 -1.67756298e-09 -1.38057956e-08 
 1.00000000e+00 -3.01872660e-09 -1.38066270e-08 
 1.00000000e+00 -2.96279268e-09 -1.38066341e-08 
 1.00000000e+00 -2.99144176e-09 -1.38066198e-08 
 1.00000000e+00 -3.08463655e-09 -1.38065914e-08 
 1.00000000e+00 -3.43069928e-09 -1.38066056e-08 
 1.00000000e+00 -2.17736920e-09 -1.37474397e-07 
 1.00000000e+00 -2.18781240e-09 -1.37474426e-07 
 1.00000000e+00 -2.19298604e-09 -1.37474397e-07 
 1.00000000e+00 -2.21685673e-09 -1.37474417e-07 
 1.00000000e+00 -2.23658228e-09 -1.37474388e-07 
 1.00000000e+00 -2.37787390e-09 -1.37474700e-07 
 1.00000000e+00 -2.38145503e-09 -1.37474707e-07 
 1.00000000e+00 -2.38783571e-09 -1.37474714e-07 
 1.00000000e+00 -2.41864484e-09 -1.37474707e-07 
 1.00000000e+00 -2.43987586e-09 -1.37474721e-07 
 1.00000000e+00 -3.99717237e-09 -1.37476370e-07 
 1.00000000e+00 -3.98583211e-09 -1.37476391e-07 
 1.00000000e+00 -4.01814759e-09 -1.37476391e-07 
 1.00000000e+00 -4.13632506e-09 -1.37476356e-07 
 1.00000000e+00 -4.38791403e-09 -1.37476363e-07 
