 1.00000000e+00  1.87900000e-07 
 1.00000000e+00  1.75040000e-07 
 1.00000000e+00  2.89830000e-07 
 1.00000000e+00  2.71450000e-07 
 1.00000000e+00  2.38500000e-07 
 1.00000000e+00  1.87550000e-07 
 1.00000000e+00  1.66530000e-07 
 1.00000000e+00  2.89510000e-07 
 1.00000000e+00  2.76400000e-07 
 1.00000000e+00  2.38620000e-07 
 1.00000000e+00  1.76010000e-07 
 1.00000000e+00  2.81510000e-07 
 1.00000000e+00  2.86180000e-07 
 1.00000000e+00  2.77510000e-07 
 1.00000000e+00  2.44660000e-07 
 1.00000000e+00  1.87040000e-07 
 1.00000000e+00  1.72430000e-07 
 1.00000000e+00  2.89350000e-07 
 1.00000000e+00  2.74140000e-07 
 1.00000000e+00  2.38280000e-07 
 1.00000000e+00  1.84350000e-07 
 1.00000000e+00  2.29220000e-07 
 1.00000000e+00  2.89330000e-07 
 1.00000000e+00  2.80190000e-07 
 1.00000000e+00  2.41050000e-07 
 1.00000000e+00  1.75210000e-07 
 1.00000000e+00  2.84410000e-07 
 1.00000000e+00  2.89110000e-07 
 1.00000000e+00  2.78810000e-07 
 1.00000000e+00  2.48080000e-07 
 1.00000000e+00  1.84020000e-07 
 1.00000000e+00  1.83960000e-07 
 1.00000000e+00  2.83250000e-07 
 1.00000000e+00  2.70990000e-07 
 1.00000000e+00  2.35070000e-07 
 1.00000000e+00  1.83120000e-07 
 1.00000000e+00  2.61840000e-07 
 1.00000000e+00  2.85970000e-07 
 1.00000000e+00  2.77120000e-07 
 1.00000000e+00  2.37970000e-07 
 1.00000000e+00  1.72110000e-07 
 1.00000000e+00  2.43260000e-07 
 1.00000000e+00  2.85780000e-07 
 1.00000000e+00  2.76120000e-07 
 1.00000000e+00  2.47140000e-07 
 1.00000000e+00  2.05750000e-07 
 1.00000000e+00  1.96210000e-07 
 1.00000000e+00  3.31900000e-07 
 1.00000000e+00  3.03610000e-07 
 1.00000000e+00  2.65960000e-07 
 1.00000000e+00  2.03320000e-07 
 1.00000000e+00  1.83280000e-07 
 1.00000000e+00  3.29040000e-07 
 1.00000000e+00  3.10630000e-07 
 1.00000000e+00  2.68410000e-07 
 1.00000000e+00  1.93610000e-07 
 1.00000000e+00  3.24870000e-07 
 1.00000000e+00  3.28130000e-07 
 1.00000000e+00  3.20130000e-07 
 1.00000000e+00  2.75100000e-07 
 1.00000000e+00  1.99610000e-07 
 1.00000000e+00  1.85990000e-07 
 1.00000000e+00  3.27420000e-07 
 1.00000000e+00  3.03290000e-07 
 1.00000000e+00  2.64090000e-07 
 1.00000000e+00  1.98420000e-07 
 1.00000000e+00  1.86750000e-07 
 1.00000000e+00  3.27400000e-07 
 1.00000000e+00  3.09610000e-07 
 1.00000000e+00  2.64600000e-07 
 1.00000000e+00  1.88180000e-07 
 1.00000000e+00  3.21340000e-07 
 1.00000000e+00  3.27430000e-07 
 1.00000000e+00  3.18470000e-07 
 1.00000000e+00  2.76360000e-07 
 1.00000000e+00  1.97210000e-07 
 1.00000000e+00  1.91490000e-07 
 1.00000000e+00  3.19060000e-07 
 1.00000000e+00  2.99290000e-07 
 1.00000000e+00  2.57620000e-07 
 1.00000000e+00  1.94580000e-07 
 1.00000000e+00  2.39480000e-07 
 1.00000000e+00  3.20510000e-07 
 1.00000000e+00  3.06380000e-07 
 1.00000000e+00  2.60480000e-07 
 1.00000000e+00  1.85320000e-07 
 1.00000000e+00  2.60360000e-07 
 1.00000000e+00  3.23330000e-07 
 1.00000000e+00  3.14260000e-07 
 1.00000000e+00  2.74070000e-07 
 1.00000000e+00  1.77150000e-07 
 1.00000000e+00  1.59200000e-07 
 1.00000000e+00  2.57540000e-07 
 1.00000000e+00  2.43230000e-07 
 1.00000000e+00  2.16130000e-07 
 1.00000000e+00  1.76500000e-07 
 1.00000000e+00  1.56180000e-07 
 1.00000000e+00  2.55180000e-07 
 1.00000000e+00  2.49120000e-07 
 1.00000000e+00  2.16200000e-07 
 1.00000000e+00  1.65170000e-07 
 1.00000000e+00  2.46150000e-07 
 1.00000000e+00  2.49340000e-07 
 1.00000000e+00  2.40460000e-07 
 1.00000000e+00  2.22030000e-07 
 1.00000000e+00  1.75020000e-07 
 1.00000000e+00  1.65060000e-07 
 1.00000000e+00  2.58030000e-07 
 1.00000000e+00  2.47910000e-07 
 1.00000000e+00  2.18530000e-07 
 1.00000000e+00  1.74100000e-07 
 1.00000000e+00  2.43030000e-07 
 1.00000000e+00  2.58020000e-07 
 1.00000000e+00  2.52250000e-07 
 1.00000000e+00  2.19050000e-07 
 1.00000000e+00  1.64970000e-07 
 1.00000000e+00  2.52030000e-07 
 1.00000000e+00  2.54700000e-07 
 1.00000000e+00  2.45820000e-07 
 1.00000000e+00  2.25030000e-07 
 1.00000000e+00  1.74180000e-07 
 1.00000000e+00  2.01490000e-07 
 1.00000000e+00  2.52660000e-07 
 1.00000000e+00  2.46210000e-07 
 1.00000000e+00  2.16180000e-07 
 1.00000000e+00  1.72810000e-07 
 1.00000000e+00  2.48260000e-07 
 1.00000000e+00  2.55080000e-07 
 1.00000000e+00  2.52170000e-07 
 1.00000000e+00  2.16690000e-07 
 1.00000000e+00  1.62320000e-07 
 1.00000000e+00  2.25270000e-07 
 1.00000000e+00  2.52130000e-07 
 1.00000000e+00  2.43190000e-07 
 1.00000000e+00  2.25160000e-07 
 1.00000000e+00  1.94850000e-07 
 1.00000000e+00  1.73150000e-07 
 1.00000000e+00  3.05150000e-07 
 1.00000000e+00  2.78030000e-07 
 1.00000000e+00  2.44970000e-07 
 1.00000000e+00  1.93970000e-07 
 1.00000000e+00  1.81890000e-07 
 1.00000000e+00  3.02100000e-07 
 1.00000000e+00  2.83960000e-07 
 1.00000000e+00  2.45130000e-07 
 1.00000000e+00  1.84840000e-07 
 1.00000000e+00  2.95970000e-07 
 1.00000000e+00  3.01010000e-07 
 1.00000000e+00  2.98920000e-07 
 1.00000000e+00  2.51040000e-07 
 1.00000000e+00  1.90790000e-07 
 1.00000000e+00  1.78100000e-07 
 1.00000000e+00  3.01600000e-07 
 1.00000000e+00  2.79340000e-07 
 1.00000000e+00  2.43410000e-07 
 1.00000000e+00  1.89560000e-07 
 1.00000000e+00  2.79590000e-07 
 1.00000000e+00  3.00620000e-07 
 1.00000000e+00  2.85480000e-07 
 1.00000000e+00  2.43600000e-07 
 1.00000000e+00  1.80500000e-07 
 1.00000000e+00  2.97550000e-07 
 1.00000000e+00  3.03350000e-07 
 1.00000000e+00  2.97480000e-07 
 1.00000000e+00  2.52590000e-07 
 1.00000000e+00  1.88570000e-07 
 1.00000000e+00  2.39600000e-07 
 1.00000000e+00  2.93920000e-07 
 1.00000000e+00  2.75440000e-07 
 1.00000000e+00  2.36960000e-07 
 1.00000000e+00  1.86430000e-07 
 1.00000000e+00  2.87470000e-07 
 1.00000000e+00  2.96450000e-07 
 1.00000000e+00  2.81670000e-07 
 1.00000000e+00  2.39610000e-07 
 1.00000000e+00  1.76720000e-07 
 1.00000000e+00  2.63520000e-07 
 1.00000000e+00  2.99470000e-07 
 1.00000000e+00  2.91250000e-07 
 1.00000000e+00  2.51510000e-07 
 1.00000000e+00  1.83160000e-07 
 1.00000000e+00  1.77100000e-07 
 1.00000000e+00  2.78980000e-07 
 1.00000000e+00  2.64130000e-07 
 1.00000000e+00  2.33970000e-07 
 1.00000000e+00  1.82980000e-07 
 1.00000000e+00  1.65290000e-07 
 1.00000000e+00  2.76850000e-07 
 1.00000000e+00  2.70080000e-07 
 1.00000000e+00  2.34100000e-07 
 1.00000000e+00  1.71070000e-07 
 1.00000000e+00  2.70010000e-07 
 1.00000000e+00  2.71440000e-07 
 1.00000000e+00  2.58440000e-07 
 1.00000000e+00  2.40110000e-07 
 1.00000000e+00  1.83000000e-07 
 1.00000000e+00  1.71020000e-07 
 1.00000000e+00  2.79050000e-07 
 1.00000000e+00  2.68640000e-07 
 1.00000000e+00  2.34540000e-07 
 1.00000000e+00  1.80510000e-07 
 1.00000000e+00  1.71290000e-07 
 1.00000000e+00  2.79140000e-07 
 1.00000000e+00  2.75290000e-07 
 1.00000000e+00  2.37040000e-07 
 1.00000000e+00  1.70940000e-07 
 1.00000000e+00  2.70210000e-07 
 1.00000000e+00  2.75730000e-07 
 1.00000000e+00  2.63960000e-07 
 1.00000000e+00  2.45400000e-07 
 1.00000000e+00  1.80760000e-07 
 1.00000000e+00  1.77430000e-07 
 1.00000000e+00  2.74050000e-07 
 1.00000000e+00  2.67270000e-07 
 1.00000000e+00  2.34190000e-07 
 1.00000000e+00  1.80250000e-07 
 1.00000000e+00  2.02670000e-07 
 1.00000000e+00  2.76280000e-07 
 1.00000000e+00  2.73390000e-07 
 1.00000000e+00  2.35710000e-07 
 1.00000000e+00  1.68500000e-07 
 1.00000000e+00  2.25400000e-07 
 1.00000000e+00  2.73150000e-07 
 1.00000000e+00  2.61390000e-07 
 1.00000000e+00  2.45670000e-07 
