 1.00000000e+00  2.43818000e-03 
 1.00000000e+00  2.30567000e-03 
 1.00000000e+00  2.46103000e-03 
 1.00000000e+00  2.33123000e-03 
 1.00000000e+00  2.39945000e-03 
 1.00000000e+00  2.38147000e-03 
 1.00000000e+00  2.62207000e-03 
 1.00000000e+00  2.47495000e-03 
 1.00000000e+00  2.66001000e-03 
 1.00000000e+00  2.49472000e-03 
 1.00000000e+00  2.55551000e-03 
 1.00000000e+00  2.55084000e-03 
 1.00000000e+00  2.77986000e-03 
 1.00000000e+00  2.62096000e-03 
 1.00000000e+00  2.80024000e-03 
 1.00000000e+00  2.63914000e-03 
 1.00000000e+00  2.69148000e-03 
 1.00000000e+00  2.70430000e-03 
 1.00000000e+00  2.41790000e-03 
 1.00000000e+00  2.27131000e-03 
 1.00000000e+00  2.43275000e-03 
 1.00000000e+00  2.30010000e-03 
 1.00000000e+00  2.40004000e-03 
 1.00000000e+00  2.35352000e-03 
 1.00000000e+00  2.60693000e-03 
 1.00000000e+00  2.44501000e-03 
 1.00000000e+00  2.63327000e-03 
 1.00000000e+00  2.47213000e-03 
 1.00000000e+00  2.56334000e-03 
 1.00000000e+00  2.52566000e-03 
 1.00000000e+00  2.76386000e-03 
 1.00000000e+00  2.59336000e-03 
 1.00000000e+00  2.79425000e-03 
 1.00000000e+00  2.61531000e-03 
 1.00000000e+00  2.69910000e-03 
 1.00000000e+00  2.67566000e-03 
 1.00000000e+00  2.45914000e-03 
 1.00000000e+00  2.33655000e-03 
 1.00000000e+00  2.47764000e-03 
 1.00000000e+00  2.35581000e-03 
 1.00000000e+00  2.40054000e-03 
 1.00000000e+00  2.41431000e-03 
 1.00000000e+00  2.63890000e-03 
 1.00000000e+00  2.50240000e-03 
 1.00000000e+00  2.65844000e-03 
 1.00000000e+00  2.52035000e-03 
 1.00000000e+00  2.55573000e-03 
 1.00000000e+00  2.57792000e-03 
 1.00000000e+00  2.80153000e-03 
 1.00000000e+00  2.65203000e-03 
 1.00000000e+00  2.81733000e-03 
 1.00000000e+00  2.67118000e-03 
 1.00000000e+00  2.69191000e-03 
 1.00000000e+00  2.73372000e-03 
 1.00000000e+00  2.46867000e-03 
 1.00000000e+00  2.33194000e-03 
 1.00000000e+00  2.48984000e-03 
 1.00000000e+00  2.36007000e-03 
 1.00000000e+00  2.43983000e-03 
 1.00000000e+00  2.41737000e-03 
 1.00000000e+00  2.65216000e-03 
 1.00000000e+00  2.50856000e-03 
 1.00000000e+00  2.67268000e-03 
 1.00000000e+00  2.53108000e-03 
 1.00000000e+00  2.60353000e-03 
 1.00000000e+00  2.58568000e-03 
 1.00000000e+00  2.81513000e-03 
 1.00000000e+00  2.67282000e-03 
 1.00000000e+00  2.84712000e-03 
 1.00000000e+00  2.69263000e-03 
 1.00000000e+00  2.74824000e-03 
 1.00000000e+00  2.74569000e-03 
 1.00000000e+00  2.40508000e-03 
 1.00000000e+00  2.26525000e-03 
 1.00000000e+00  2.42845000e-03 
 1.00000000e+00  2.28839000e-03 
 1.00000000e+00  2.35432000e-03 
 1.00000000e+00  2.34983000e-03 
 1.00000000e+00  2.59534000e-03 
 1.00000000e+00  2.43401000e-03 
 1.00000000e+00  2.61259000e-03 
 1.00000000e+00  2.46011000e-03 
 1.00000000e+00  2.51326000e-03 
 1.00000000e+00  2.52031000e-03 
 1.00000000e+00  2.74621000e-03 
 1.00000000e+00  2.58721000e-03 
 1.00000000e+00  2.77111000e-03 
 1.00000000e+00  2.60268000e-03 
 1.00000000e+00  2.64274000e-03 
 1.00000000e+00  2.66976000e-03 
