 1.00000000e+00  2.72288000e-04  2.73040000e-04 
 1.00000000e+00  2.32784000e-04  2.33236000e-04 
 1.00000000e+00  2.72364000e-04  2.73296000e-04 
 1.00000000e+00  2.81960000e-04  2.86908000e-04 
 1.00000000e+00  2.78920000e-04  2.80764000e-04 
 1.00000000e+00  2.83984000e-04  2.86132000e-04 
 1.00000000e+00  2.40812000e-04  2.41356000e-04 
 1.00000000e+00  2.68192000e-04  2.69076000e-04 
 1.00000000e+00  2.70568000e-04  2.71216000e-04 
 1.00000000e+00  2.64304000e-04  2.65172000e-04 
 1.00000000e+00  1.20092000e-04  1.21248000e-04 
 1.00000000e+00  1.30132000e-04  1.30724000e-04 
 1.00000000e+00  1.08980000e-04  1.09560000e-04 
 1.00000000e+00  1.25532000e-04  1.26100000e-04 
 1.00000000e+00  1.32896000e-04  1.33652000e-04 
 1.00000000e+00  2.88572000e-04  2.89572000e-04 
 1.00000000e+00  2.52744000e-04  2.53932000e-04 
 1.00000000e+00  2.86772000e-04  2.87848000e-04 
 1.00000000e+00  2.80608000e-04  2.81444000e-04 
 1.00000000e+00  2.83116000e-04  2.83796000e-04 
 1.00000000e+00  2.89820000e-04  2.90740000e-04 
 1.00000000e+00  2.69024000e-04  2.70136000e-04 
 1.00000000e+00  2.94904000e-04  2.96772000e-04 
 1.00000000e+00  2.86184000e-04  2.87320000e-04 
 1.00000000e+00  2.76500000e-04  2.77712000e-04 
 1.00000000e+00  1.39420000e-04  1.40544000e-04 
 1.00000000e+00  1.37680000e-04  1.39128000e-04 
 1.00000000e+00  1.33976000e-04  1.35324000e-04 
 1.00000000e+00  1.37540000e-04  1.38468000e-04 
 1.00000000e+00  1.45024000e-04  1.46824000e-04 
 1.00000000e+00  3.06932000e-04  3.09652000e-04 
 1.00000000e+00  2.74948000e-04  2.76056000e-04 
 1.00000000e+00  2.95204000e-04  2.96432000e-04 
 1.00000000e+00  2.98924000e-04  3.00888000e-04 
 1.00000000e+00  2.87680000e-04  2.88856000e-04 
 1.00000000e+00  2.97480000e-04  2.98712000e-04 
 1.00000000e+00  2.85744000e-04  2.86532000e-04 
 1.00000000e+00  2.91484000e-04  2.92532000e-04 
 1.00000000e+00  2.88852000e-04  2.90328000e-04 
 1.00000000e+00  2.94732000e-04  2.97428000e-04 
 1.00000000e+00  1.50480000e-04  1.51320000e-04 
 1.00000000e+00  1.43304000e-04  1.43656000e-04 
 1.00000000e+00  1.42876000e-04  1.44080000e-04 
 1.00000000e+00  1.38416000e-04  1.39652000e-04 
 1.00000000e+00  1.52752000e-04  1.55056000e-04 
 1.00000000e+00  2.99312000e-04  3.01436000e-04 
 1.00000000e+00  2.62236000e-04  2.63228000e-04 
 1.00000000e+00  2.94928000e-04  2.95920000e-04 
 1.00000000e+00  2.88820000e-04  2.90296000e-04 
 1.00000000e+00  2.85124000e-04  2.86476000e-04 
 1.00000000e+00  2.90812000e-04  2.91644000e-04 
 1.00000000e+00  2.64496000e-04  2.65996000e-04 
 1.00000000e+00  2.89020000e-04  2.89984000e-04 
 1.00000000e+00  2.84728000e-04  2.85856000e-04 
 1.00000000e+00  2.81020000e-04  2.81904000e-04 
 1.00000000e+00  1.27892000e-04  1.28216000e-04 
 1.00000000e+00  1.25972000e-04  1.27104000e-04 
 1.00000000e+00  1.28024000e-04  1.28960000e-04 
 1.00000000e+00  1.22744000e-04  1.23680000e-04 
 1.00000000e+00  1.31428000e-04  1.32492000e-04 
 1.00000000e+00  3.08876000e-04  3.10156000e-04 
 1.00000000e+00  2.65568000e-04  2.66328000e-04 
 1.00000000e+00  3.16196000e-04  3.17516000e-04 
 1.00000000e+00  3.13516000e-04  3.15440000e-04 
 1.00000000e+00  3.05176000e-04  3.06300000e-04 
 1.00000000e+00  3.18944000e-04  3.21640000e-04 
 1.00000000e+00  2.94688000e-04  2.97304000e-04 
 1.00000000e+00  3.04564000e-04  3.05744000e-04 
 1.00000000e+00  3.02028000e-04  3.02876000e-04 
 1.00000000e+00  3.00448000e-04  3.01796000e-04 
 1.00000000e+00  1.37420000e-04  1.38412000e-04 
 1.00000000e+00  1.44664000e-04  1.45424000e-04 
 1.00000000e+00  1.31732000e-04  1.32528000e-04 
 1.00000000e+00  1.53120000e-04  1.54632000e-04 
 1.00000000e+00  1.47116000e-04  1.47756000e-04 
 1.00000000e+00  3.26932000e-04  3.29532000e-04 
 1.00000000e+00  2.90544000e-04  2.92008000e-04 
 1.00000000e+00  3.15628000e-04  3.16668000e-04 
 1.00000000e+00  3.14396000e-04  3.15548000e-04 
 1.00000000e+00  3.14532000e-04  3.15728000e-04 
 1.00000000e+00  3.13724000e-04  3.14484000e-04 
 1.00000000e+00  3.04320000e-04  3.05192000e-04 
 1.00000000e+00  3.14044000e-04  3.16500000e-04 
 1.00000000e+00  3.14992000e-04  3.17140000e-04 
 1.00000000e+00  3.04728000e-04  3.06080000e-04 
 1.00000000e+00  1.57388000e-04  1.58420000e-04 
 1.00000000e+00  1.50936000e-04  1.52044000e-04 
 1.00000000e+00  1.61868000e-04  1.62812000e-04 
 1.00000000e+00  1.47456000e-04  1.48124000e-04 
 1.00000000e+00  1.52932000e-04  1.53648000e-04 
 1.00000000e+00  2.66780000e-04  2.68576000e-04 
 1.00000000e+00  2.23440000e-04  2.24436000e-04 
 1.00000000e+00  2.52300000e-04  2.52744000e-04 
 1.00000000e+00  2.46660000e-04  2.47316000e-04 
 1.00000000e+00  2.42800000e-04  2.43424000e-04 
 1.00000000e+00  2.52128000e-04  2.52964000e-04 
 1.00000000e+00  2.28460000e-04  2.29596000e-04 
 1.00000000e+00  2.56112000e-04  2.58172000e-04 
 1.00000000e+00  2.43064000e-04  2.43784000e-04 
 1.00000000e+00  2.52088000e-04  2.54188000e-04 
 1.00000000e+00  1.03524000e-04  1.04020000e-04 
 1.00000000e+00  1.00904000e-04  1.01476000e-04 
 1.00000000e+00  9.66040000e-05  9.71280000e-05 
 1.00000000e+00  9.59720000e-05  9.63680000e-05 
 1.00000000e+00  1.00220000e-04  1.00920000e-04 
 1.00000000e+00  2.68308000e-04  2.69216000e-04 
 1.00000000e+00  2.41044000e-04  2.42512000e-04 
 1.00000000e+00  2.69100000e-04  2.69944000e-04 
 1.00000000e+00  2.63296000e-04  2.64036000e-04 
 1.00000000e+00  2.60456000e-04  2.61684000e-04 
 1.00000000e+00  2.66464000e-04  2.67392000e-04 
 1.00000000e+00  2.66892000e-04  2.68684000e-04 
 1.00000000e+00  2.66476000e-04  2.67176000e-04 
 1.00000000e+00  2.69576000e-04  2.70476000e-04 
 1.00000000e+00  2.62620000e-04  2.63660000e-04 
 1.00000000e+00  1.28484000e-04  1.29364000e-04 
 1.00000000e+00  1.28392000e-04  1.29384000e-04 
 1.00000000e+00  1.09332000e-04  1.10272000e-04 
 1.00000000e+00  1.17940000e-04  1.19456000e-04 
 1.00000000e+00  1.19136000e-04  1.19776000e-04 
 1.00000000e+00  2.97944000e-04  2.99012000e-04 
 1.00000000e+00  2.69076000e-04  2.70132000e-04 
 1.00000000e+00  2.85300000e-04  2.86272000e-04 
 1.00000000e+00  2.83136000e-04  2.83780000e-04 
 1.00000000e+00  2.78196000e-04  2.78632000e-04 
 1.00000000e+00  2.87956000e-04  2.88744000e-04 
 1.00000000e+00  2.83132000e-04  2.83976000e-04 
 1.00000000e+00  2.91996000e-04  2.93080000e-04 
 1.00000000e+00  2.86052000e-04  2.89072000e-04 
 1.00000000e+00  2.81972000e-04  2.82060000e-04 
 1.00000000e+00  1.50268000e-04  1.50592000e-04 
 1.00000000e+00  1.56376000e-04  1.57900000e-04 
 1.00000000e+00  1.41908000e-04  1.43152000e-04 
 1.00000000e+00  1.43844000e-04  1.44364000e-04 
 1.00000000e+00  1.54016000e-04  1.55276000e-04 
 1.00000000e+00  2.74656000e-04  2.75432000e-04 
 1.00000000e+00  2.47676000e-04  2.49348000e-04 
 1.00000000e+00  2.68356000e-04  2.68940000e-04 
 1.00000000e+00  2.68212000e-04  2.69280000e-04 
 1.00000000e+00  2.58908000e-04  2.59844000e-04 
 1.00000000e+00  2.68496000e-04  2.68832000e-04 
 1.00000000e+00  2.42904000e-04  2.43428000e-04 
 1.00000000e+00  2.75444000e-04  2.76588000e-04 
 1.00000000e+00  2.64288000e-04  2.65264000e-04 
 1.00000000e+00  2.79768000e-04  2.81320000e-04 
 1.00000000e+00  1.08408000e-04  1.08528000e-04 
 1.00000000e+00  1.13332000e-04  1.14244000e-04 
 1.00000000e+00  1.05556000e-04  1.05740000e-04 
 1.00000000e+00  1.24868000e-04  1.26076000e-04 
 1.00000000e+00  1.09284000e-04  1.09980000e-04 
 1.00000000e+00  2.86972000e-04  2.88000000e-04 
 1.00000000e+00  2.57204000e-04  2.57928000e-04 
 1.00000000e+00  2.93732000e-04  2.94712000e-04 
 1.00000000e+00  2.82836000e-04  2.83744000e-04 
 1.00000000e+00  2.79864000e-04  2.81280000e-04 
 1.00000000e+00  2.84460000e-04  2.85496000e-04 
 1.00000000e+00  2.76740000e-04  2.77332000e-04 
 1.00000000e+00  2.80880000e-04  2.81332000e-04 
 1.00000000e+00  2.76508000e-04  2.77604000e-04 
 1.00000000e+00  2.86172000e-04  2.88124000e-04 
 1.00000000e+00  1.28036000e-04  1.29088000e-04 
 1.00000000e+00  1.24828000e-04  1.25752000e-04 
 1.00000000e+00  1.33988000e-04  1.35316000e-04 
 1.00000000e+00  1.11904000e-04  1.12192000e-04 
 1.00000000e+00  1.27856000e-04  1.28772000e-04 
 1.00000000e+00  3.31072000e-04  3.32832000e-04 
 1.00000000e+00  3.12180000e-04  3.13340000e-04 
 1.00000000e+00  3.26084000e-04  3.27020000e-04 
 1.00000000e+00  3.09092000e-04  3.10084000e-04 
 1.00000000e+00  3.17816000e-04  3.18836000e-04 
 1.00000000e+00  3.17164000e-04  3.17740000e-04 
 1.00000000e+00  3.15980000e-04  3.17188000e-04 
 1.00000000e+00  3.15144000e-04  3.15788000e-04 
 1.00000000e+00  3.18364000e-04  3.19276000e-04 
 1.00000000e+00  3.08992000e-04  3.10424000e-04 
 1.00000000e+00  1.79024000e-04  1.79660000e-04 
 1.00000000e+00  1.78172000e-04  1.79144000e-04 
 1.00000000e+00  1.74156000e-04  1.75232000e-04 
 1.00000000e+00  1.59332000e-04  1.59560000e-04 
 1.00000000e+00  1.59988000e-04  1.61196000e-04 
 1.00000000e+00  2.72960000e-04  2.73824000e-04 
 1.00000000e+00  2.32980000e-04  2.34008000e-04 
 1.00000000e+00  2.77012000e-04  2.77876000e-04 
 1.00000000e+00  2.75604000e-04  2.76472000e-04 
 1.00000000e+00  2.68356000e-04  2.69496000e-04 
 1.00000000e+00  2.68156000e-04  2.69172000e-04 
 1.00000000e+00  2.45224000e-04  2.46220000e-04 
 1.00000000e+00  2.74516000e-04  2.75260000e-04 
 1.00000000e+00  2.70792000e-04  2.71800000e-04 
 1.00000000e+00  2.70968000e-04  2.73092000e-04 
 1.00000000e+00  1.33192000e-04  1.34144000e-04 
 1.00000000e+00  1.13884000e-04  1.14616000e-04 
 1.00000000e+00  1.37084000e-04  1.37844000e-04 
 1.00000000e+00  1.24800000e-04  1.25684000e-04 
 1.00000000e+00  1.09500000e-04  1.09884000e-04 
 1.00000000e+00  2.95668000e-04  2.96796000e-04 
 1.00000000e+00  2.47080000e-04  2.47844000e-04 
 1.00000000e+00  2.93612000e-04  2.94420000e-04 
 1.00000000e+00  2.85020000e-04  2.86284000e-04 
 1.00000000e+00  2.86584000e-04  2.87308000e-04 
 1.00000000e+00  2.89156000e-04  2.89932000e-04 
 1.00000000e+00  2.63096000e-04  2.63840000e-04 
 1.00000000e+00  2.97728000e-04  2.98828000e-04 
 1.00000000e+00  2.80688000e-04  2.81692000e-04 
 1.00000000e+00  2.80580000e-04  2.81624000e-04 
 1.00000000e+00  1.45940000e-04  1.46688000e-04 
 1.00000000e+00  1.44944000e-04  1.46268000e-04 
 1.00000000e+00  1.30772000e-04  1.31668000e-04 
 1.00000000e+00  1.26356000e-04  1.27368000e-04 
 1.00000000e+00  1.24456000e-04  1.25088000e-04 
 1.00000000e+00  3.10900000e-04  3.12960000e-04 
 1.00000000e+00  2.74968000e-04  2.77084000e-04 
 1.00000000e+00  2.97236000e-04  2.98484000e-04 
 1.00000000e+00  3.01904000e-04  3.03256000e-04 
 1.00000000e+00  3.00672000e-04  3.02308000e-04 
 1.00000000e+00  2.97592000e-04  2.98428000e-04 
 1.00000000e+00  2.88332000e-04  2.89644000e-04 
 1.00000000e+00  2.94288000e-04  2.95776000e-04 
 1.00000000e+00  2.92964000e-04  2.94872000e-04 
 1.00000000e+00  2.98884000e-04  3.00864000e-04 
 1.00000000e+00  1.57048000e-04  1.58344000e-04 
