 1.00000000e+00 -1.40058078e-09 -3.12044163e-11 
 1.00000000e+00 -1.34973592e-09 -3.12085966e-11 
 1.00000000e+00 -1.31268126e-09 -3.11990553e-11 
 1.00000000e+00 -1.28422393e-09 -3.11910529e-11 
 1.00000000e+00 -1.31489978e-09 -3.11869251e-11 
 1.00000000e+00 -1.62839722e-09 -3.12381034e-11 
 1.00000000e+00 -1.58265871e-09 -3.12218005e-11 
 1.00000000e+00 -1.54908587e-09 -3.12240591e-11 
 1.00000000e+00 -1.53100519e-09 -3.12048631e-11 
 1.00000000e+00 -1.56721807e-09 -3.12119082e-11 
 1.00000000e+00 -2.98483907e-09 -3.12049375e-11 
 1.00000000e+00 -2.88139180e-09 -3.11976796e-11 
 1.00000000e+00 -2.92178460e-09 -3.11984348e-11 
 1.00000000e+00 -2.89826761e-09 -3.12007005e-11 
 1.00000000e+00 -3.02670811e-09 -3.11963960e-11 
 1.00000000e+00 -1.56536468e-09 -3.77873988e-10 
 1.00000000e+00 -1.55840661e-09 -3.77870924e-10 
 1.00000000e+00 -1.53127976e-09 -3.77858046e-10 
 1.00000000e+00 -1.51358336e-09 -3.77845963e-10 
 1.00000000e+00 -1.53617014e-09 -3.77859110e-10 
 1.00000000e+00 -1.76718426e-09 -3.77985689e-10 
 1.00000000e+00 -1.75452037e-09 -3.77970414e-10 
 1.00000000e+00 -1.72310576e-09 -3.77966514e-10 
 1.00000000e+00 -1.70706823e-09 -3.77977264e-10 
 1.00000000e+00 -1.72370778e-09 -3.77961479e-10 
 1.00000000e+00 -3.19529605e-09 -3.78493791e-10 
 1.00000000e+00 -3.11393071e-09 -3.78475439e-10 
 1.00000000e+00 -3.11429678e-09 -3.78473652e-10 
 1.00000000e+00 -3.13207919e-09 -3.78479963e-10 
 1.00000000e+00 -3.10534400e-09 -3.78470021e-10 
 1.00000000e+00 -2.93671054e-09 -8.03691100e-09 
 1.00000000e+00 -2.94978864e-09 -8.03690760e-09 
 1.00000000e+00 -2.92087287e-09 -8.03691272e-09 
 1.00000000e+00 -2.90040666e-09 -8.03689318e-09 
 1.00000000e+00 -2.83417006e-09 -8.03689278e-09 
 1.00000000e+00 -3.23447325e-09 -8.03723920e-09 
 1.00000000e+00 -3.24359261e-09 -8.03723858e-09 
 1.00000000e+00 -3.21390387e-09 -8.03723537e-09 
 1.00000000e+00 -3.19137620e-09 -8.03722556e-09 
 1.00000000e+00 -3.12844135e-09 -8.03723059e-09 
 1.00000000e+00 -5.31081975e-09 -8.03923088e-09 
 1.00000000e+00 -5.26890908e-09 -8.03923409e-09 
 1.00000000e+00 -5.27338150e-09 -8.03922987e-09 
 1.00000000e+00 -5.34050104e-09 -8.03922686e-09 
 1.00000000e+00 -5.27078616e-09 -8.03923156e-09 
